2025-08-14 00:19:18,635 - monopoly_simulator.gameplay_socket_phase3 - INFO - Using replay buffer from the DDQN agent.
2025-08-14 00:19:26,031 - monopoly_simulator.gameplay_socket_phase3 - INFO - Replay buffer stats: size=4898, capacity=10000
2025-08-14 00:19:26,031 - monopoly_simulator.gameplay_socket_phase3 - INFO - Average reward: -0.6011
2025-08-14 00:19:26,031 - monopoly_simulator.gameplay_socket_phase3 - INFO - Episode rewards: [-104.35310000000001, -119.29559999999996, -104.87695000000004, -156.86429999999993, -99.8657, -126.37515000000006, -105.39200000000002, -133.30859999999996, -79.735, -115.66939999999998, np.float64(-81.52719999999997), 12.668850000000134, -89.81550000000001, -100.74319999999999, -151.74280000000005, -110.82, -111.70589999999996, -117.01149999999998, 89.93520000000012, -125.54699999999998, -96.42830000000004, -151.04285000000002, -107.36940000000003, -112.88170000000002, -139.79359999999994, -51.3731, -128.44679999999994, -119.87400000000004, -105.16550000000001]
2025-08-14 00:19:26,255 - monopoly_simulator.gameplay_socket_phase3 - INFO - Replay buffer saved to replay_buffer.pkl
2025-08-14 00:19:26,649 - monopoly_simulator.gameplay_socket_phase3 - INFO - Using replay buffer from the DDQN agent.
2025-08-14 00:19:34,972 - monopoly_simulator.gameplay_socket_phase3 - INFO - Replay buffer stats: size=5049, capacity=10000
2025-08-14 00:19:34,972 - monopoly_simulator.gameplay_socket_phase3 - INFO - Average reward: -0.6104
2025-08-14 00:19:34,972 - monopoly_simulator.gameplay_socket_phase3 - INFO - Episode rewards: [-104.35310000000001, -119.29559999999996, -104.87695000000004, -156.86429999999993, -99.8657, -126.37515000000006, -105.39200000000002, -133.30859999999996, -79.735, -115.66939999999998, np.float64(-81.52719999999997), 12.668850000000134, -89.81550000000001, -100.74319999999999, -151.74280000000005, -110.82, -111.70589999999996, -117.01149999999998, 89.93520000000012, -125.54699999999998, -96.42830000000004, -151.04285000000002, -107.36940000000003, -112.88170000000002, -139.79359999999994, -51.3731, -128.44679999999994, -119.87400000000004, -105.16550000000001, -137.5221500000001]
2025-08-14 00:19:35,104 - monopoly_simulator.gameplay_socket_phase3 - INFO - Replay buffer saved to replay_buffer.pkl
2025-08-14 00:19:35,559 - monopoly_simulator.gameplay_socket_phase3 - INFO - Using replay buffer from the DDQN agent.
2025-08-14 00:19:41,669 - monopoly_simulator.gameplay_socket_phase3 - INFO - Replay buffer stats: size=5166, capacity=10000
2025-08-14 00:19:41,669 - monopoly_simulator.gameplay_socket_phase3 - INFO - Average reward: -0.6182
2025-08-14 00:19:41,670 - monopoly_simulator.gameplay_socket_phase3 - INFO - Episode rewards: [-104.35310000000001, -119.29559999999996, -104.87695000000004, -156.86429999999993, -99.8657, -126.37515000000006, -105.39200000000002, -133.30859999999996, -79.735, -115.66939999999998, np.float64(-81.52719999999997), 12.668850000000134, -89.81550000000001, -100.74319999999999, -151.74280000000005, -110.82, -111.70589999999996, -117.01149999999998, 89.93520000000012, -125.54699999999998, -96.42830000000004, -151.04285000000002, -107.36940000000003, -112.88170000000002, -139.79359999999994, -51.3731, -128.44679999999994, -119.87400000000004, -105.16550000000001, -137.5221500000001, -111.85540000000006]
2025-08-14 00:19:41,831 - monopoly_simulator.gameplay_socket_phase3 - INFO - Replay buffer saved to replay_buffer.pkl
2025-08-14 00:19:42,662 - monopoly_simulator.gameplay_socket_phase3 - INFO - Using replay buffer from the DDQN agent.
2025-08-14 00:19:50,710 - monopoly_simulator.gameplay_socket_phase3 - INFO - Replay buffer stats: size=5314, capacity=10000
2025-08-14 00:19:50,710 - monopoly_simulator.gameplay_socket_phase3 - INFO - Average reward: -0.6251
2025-08-14 00:19:50,710 - monopoly_simulator.gameplay_socket_phase3 - INFO - Episode rewards: [-104.35310000000001, -119.29559999999996, -104.87695000000004, -156.86429999999993, -99.8657, -126.37515000000006, -105.39200000000002, -133.30859999999996, -79.735, -115.66939999999998, np.float64(-81.52719999999997), 12.668850000000134, -89.81550000000001, -100.74319999999999, -151.74280000000005, -110.82, -111.70589999999996, -117.01149999999998, 89.93520000000012, -125.54699999999998, -96.42830000000004, -151.04285000000002, -107.36940000000003, -112.88170000000002, -139.79359999999994, -51.3731, -128.44679999999994, -119.87400000000004, -105.16550000000001, -137.5221500000001, -111.85540000000006, -128.1848]
2025-08-14 00:19:50,859 - monopoly_simulator.gameplay_socket_phase3 - INFO - Replay buffer saved to replay_buffer.pkl
2025-08-14 00:19:50,862 - monopoly_simulator.gameplay_socket_phase3 - INFO - Using replay buffer from the DDQN agent.
2025-08-14 00:19:56,360 - monopoly_simulator.gameplay_socket_phase3 - INFO - Replay buffer stats: size=5449, capacity=10000
2025-08-14 00:19:56,360 - monopoly_simulator.gameplay_socket_phase3 - INFO - Average reward: -0.6351
2025-08-14 00:19:56,360 - monopoly_simulator.gameplay_socket_phase3 - INFO - Episode rewards: [-104.35310000000001, -119.29559999999996, -104.87695000000004, -156.86429999999993, -99.8657, -126.37515000000006, -105.39200000000002, -133.30859999999996, -79.735, -115.66939999999998, np.float64(-81.52719999999997), 12.668850000000134, -89.81550000000001, -100.74319999999999, -151.74280000000005, -110.82, -111.70589999999996, -117.01149999999998, 89.93520000000012, -125.54699999999998, -96.42830000000004, -151.04285000000002, -107.36940000000003, -112.88170000000002, -139.79359999999994, -51.3731, -128.44679999999994, -119.87400000000004, -105.16550000000001, -137.5221500000001, -111.85540000000006, -128.1848, -138.6171]
2025-08-14 00:19:56,556 - monopoly_simulator.gameplay_socket_phase3 - INFO - Replay buffer saved to replay_buffer.pkl
2025-08-14 00:19:56,558 - monopoly_simulator.gameplay_socket_phase3 - INFO - Using replay buffer from the DDQN agent.
2025-08-14 00:20:06,259 - monopoly_simulator.gameplay_socket_phase3 - INFO - Replay buffer stats: size=5657, capacity=10000
2025-08-14 00:20:06,259 - monopoly_simulator.gameplay_socket_phase3 - INFO - Average reward: -0.6421
2025-08-14 00:20:06,259 - monopoly_simulator.gameplay_socket_phase3 - INFO - Episode rewards: [-104.35310000000001, -119.29559999999996, -104.87695000000004, -156.86429999999993, -99.8657, -126.37515000000006, -105.39200000000002, -133.30859999999996, -79.735, -115.66939999999998, np.float64(-81.52719999999997), 12.668850000000134, -89.81550000000001, -100.74319999999999, -151.74280000000005, -110.82, -111.70589999999996, -117.01149999999998, 89.93520000000012, -125.54699999999998, -96.42830000000004, -151.04285000000002, -107.36940000000003, -112.88170000000002, -139.79359999999994, -51.3731, -128.44679999999994, -119.87400000000004, -105.16550000000001, -137.5221500000001, -111.85540000000006, -128.1848, -138.6171, -171.49150000000003]
2025-08-14 00:20:06,442 - monopoly_simulator.gameplay_socket_phase3 - INFO - Replay buffer saved to replay_buffer.pkl
2025-08-14 00:20:59,722 - monopoly_simulator.gameplay_socket_phase3 - INFO - Using replay buffer from the DDQN agent.
2025-08-14 00:21:06,737 - monopoly_simulator.gameplay_socket_phase3 - INFO - Replay buffer stats: size=5785, capacity=10000
2025-08-14 00:21:06,737 - monopoly_simulator.gameplay_socket_phase3 - INFO - Average reward: -0.6483
2025-08-14 00:21:06,737 - monopoly_simulator.gameplay_socket_phase3 - INFO - Episode rewards: [-104.35310000000001, -119.29559999999996, -104.87695000000004, -156.86429999999993, -99.8657, -126.37515000000006, -105.39200000000002, -133.30859999999996, -79.735, -115.66939999999998, np.float64(-81.52719999999997), 12.668850000000134, -89.81550000000001, -100.74319999999999, -151.74280000000005, -110.82, -111.70589999999996, -117.01149999999998, 89.93520000000012, -125.54699999999998, -96.42830000000004, -151.04285000000002, -107.36940000000003, -112.88170000000002, -139.79359999999994, -51.3731, -128.44679999999994, -119.87400000000004, -105.16550000000001, -137.5221500000001, -111.85540000000006, -128.1848, -138.6171, -171.49150000000003, -118.25989999999997]
2025-08-14 00:21:06,918 - monopoly_simulator.gameplay_socket_phase3 - INFO - Replay buffer saved to replay_buffer.pkl
2025-08-14 00:21:07,317 - monopoly_simulator.gameplay_socket_phase3 - INFO - Using replay buffer from the DDQN agent.
2025-08-14 00:21:18,981 - monopoly_simulator.gameplay_socket_phase3 - INFO - Replay buffer stats: size=5977, capacity=10000
2025-08-14 00:21:18,981 - monopoly_simulator.gameplay_socket_phase3 - INFO - Average reward: -0.6586
2025-08-14 00:21:18,981 - monopoly_simulator.gameplay_socket_phase3 - INFO - Episode rewards: [-104.35310000000001, -119.29559999999996, -104.87695000000004, -156.86429999999993, -99.8657, -126.37515000000006, -105.39200000000002, -133.30859999999996, -79.735, -115.66939999999998, np.float64(-81.52719999999997), 12.668850000000134, -89.81550000000001, -100.74319999999999, -151.74280000000005, -110.82, -111.70589999999996, -117.01149999999998, 89.93520000000012, -125.54699999999998, -96.42830000000004, -151.04285000000002, -107.36940000000003, -112.88170000000002, -139.79359999999994, -51.3731, -128.44679999999994, -119.87400000000004, -105.16550000000001, -137.5221500000001, -111.85540000000006, -128.1848, -138.6171, -171.49150000000003, -118.25989999999997, -185.96550000000002]
2025-08-14 00:21:19,156 - monopoly_simulator.gameplay_socket_phase3 - INFO - Replay buffer saved to replay_buffer.pkl
2025-08-14 00:21:19,548 - monopoly_simulator.gameplay_socket_phase3 - INFO - Using replay buffer from the DDQN agent.
2025-08-14 00:21:26,293 - monopoly_simulator.gameplay_socket_phase3 - INFO - Replay buffer stats: size=6112, capacity=10000
2025-08-14 00:21:26,293 - monopoly_simulator.gameplay_socket_phase3 - INFO - Average reward: -0.6657
2025-08-14 00:21:26,293 - monopoly_simulator.gameplay_socket_phase3 - INFO - Episode rewards: [-104.35310000000001, -119.29559999999996, -104.87695000000004, -156.86429999999993, -99.8657, -126.37515000000006, -105.39200000000002, -133.30859999999996, -79.735, -115.66939999999998, np.float64(-81.52719999999997), 12.668850000000134, -89.81550000000001, -100.74319999999999, -151.74280000000005, -110.82, -111.70589999999996, -117.01149999999998, 89.93520000000012, -125.54699999999998, -96.42830000000004, -151.04285000000002, -107.36940000000003, -112.88170000000002, -139.79359999999994, -51.3731, -128.44679999999994, -119.87400000000004, -105.16550000000001, -137.5221500000001, -111.85540000000006, -128.1848, -138.6171, -171.49150000000003, -118.25989999999997, -185.96550000000002, -132.2103]
2025-08-14 00:21:26,477 - monopoly_simulator.gameplay_socket_phase3 - INFO - Replay buffer saved to replay_buffer.pkl
2025-08-14 00:21:27,474 - monopoly_simulator.gameplay_socket_phase3 - INFO - Using replay buffer from the DDQN agent.
2025-08-14 00:21:40,397 - monopoly_simulator.gameplay_socket_phase3 - INFO - Replay buffer stats: size=6340, capacity=10000
2025-08-14 00:21:40,397 - monopoly_simulator.gameplay_socket_phase3 - INFO - Average reward: -0.6627
2025-08-14 00:21:40,397 - monopoly_simulator.gameplay_socket_phase3 - INFO - Episode rewards: [-104.35310000000001, -119.29559999999996, -104.87695000000004, -156.86429999999993, -99.8657, -126.37515000000006, -105.39200000000002, -133.30859999999996, -79.735, -115.66939999999998, np.float64(-81.52719999999997), 12.668850000000134, -89.81550000000001, -100.74319999999999, -151.74280000000005, -110.82, -111.70589999999996, -117.01149999999998, 89.93520000000012, -125.54699999999998, -96.42830000000004, -151.04285000000002, -107.36940000000003, -112.88170000000002, -139.79359999999994, -51.3731, -128.44679999999994, -119.87400000000004, -105.16550000000001, -137.5221500000001, -111.85540000000006, -128.1848, -138.6171, -171.49150000000003, -118.25989999999997, -185.96550000000002, -132.2103, -133.0347999999999]
2025-08-14 00:21:40,572 - monopoly_simulator.gameplay_socket_phase3 - INFO - Replay buffer saved to replay_buffer.pkl
2025-08-14 00:22:50,372 - monopoly_simulator.gameplay_socket_phase3 - INFO - Using replay buffer from the DDQN agent.
2025-08-14 00:22:58,303 - monopoly_simulator.gameplay_socket_phase3 - INFO - Replay buffer stats: size=6495, capacity=10000
2025-08-14 00:22:58,303 - monopoly_simulator.gameplay_socket_phase3 - INFO - Average reward: -0.6691
2025-08-14 00:22:58,303 - monopoly_simulator.gameplay_socket_phase3 - INFO - Episode rewards: [-104.35310000000001, -119.29559999999996, -104.87695000000004, -156.86429999999993, -99.8657, -126.37515000000006, -105.39200000000002, -133.30859999999996, -79.735, -115.66939999999998, np.float64(-81.52719999999997), 12.668850000000134, -89.81550000000001, -100.74319999999999, -151.74280000000005, -110.82, -111.70589999999996, -117.01149999999998, 89.93520000000012, -125.54699999999998, -96.42830000000004, -151.04285000000002, -107.36940000000003, -112.88170000000002, -139.79359999999994, -51.3731, -128.44679999999994, -119.87400000000004, -105.16550000000001, -137.5221500000001, -111.85540000000006, -128.1848, -138.6171, -171.49150000000003, -118.25989999999997, -185.96550000000002, -132.2103, -133.0347999999999, -144.52120000000005]
2025-08-14 00:22:58,480 - monopoly_simulator.gameplay_socket_phase3 - INFO - Replay buffer saved to replay_buffer.pkl
2025-08-14 00:22:58,937 - monopoly_simulator.gameplay_socket_phase3 - INFO - Using replay buffer from the DDQN agent.
2025-08-14 00:23:09,784 - monopoly_simulator.gameplay_socket_phase3 - INFO - Replay buffer stats: size=6681, capacity=10000
2025-08-14 00:23:09,784 - monopoly_simulator.gameplay_socket_phase3 - INFO - Average reward: -0.6683
2025-08-14 00:23:09,784 - monopoly_simulator.gameplay_socket_phase3 - INFO - Episode rewards: [-104.35310000000001, -119.29559999999996, -104.87695000000004, -156.86429999999993, -99.8657, -126.37515000000006, -105.39200000000002, -133.30859999999996, -79.735, -115.66939999999998, np.float64(-81.52719999999997), 12.668850000000134, -89.81550000000001, -100.74319999999999, -151.74280000000005, -110.82, -111.70589999999996, -117.01149999999998, 89.93520000000012, -125.54699999999998, -96.42830000000004, -151.04285000000002, -107.36940000000003, -112.88170000000002, -139.79359999999994, -51.3731, -128.44679999999994, -119.87400000000004, -105.16550000000001, -137.5221500000001, -111.85540000000006, -128.1848, -138.6171, -171.49150000000003, -118.25989999999997, -185.96550000000002, -132.2103, -133.0347999999999, -144.52120000000005, -118.50609999999999]
2025-08-14 00:23:10,024 - monopoly_simulator.gameplay_socket_phase3 - INFO - Replay buffer saved to replay_buffer.pkl
2025-08-14 00:23:10,436 - monopoly_simulator.gameplay_socket_phase3 - INFO - Using replay buffer from the DDQN agent.
2025-08-14 00:23:52,049 - monopoly_simulator.gameplay_socket_phase3 - INFO - Replay buffer stats: size=7123, capacity=10000
2025-08-14 00:23:52,049 - monopoly_simulator.gameplay_socket_phase3 - INFO - Average reward: -0.6196
2025-08-14 00:23:52,049 - monopoly_simulator.gameplay_socket_phase3 - INFO - Episode rewards: [-104.35310000000001, -119.29559999999996, -104.87695000000004, -156.86429999999993, -99.8657, -126.37515000000006, -105.39200000000002, -133.30859999999996, -79.735, -115.66939999999998, np.float64(-81.52719999999997), 12.668850000000134, -89.81550000000001, -100.74319999999999, -151.74280000000005, -110.82, -111.70589999999996, -117.01149999999998, 89.93520000000012, -125.54699999999998, -96.42830000000004, -151.04285000000002, -107.36940000000003, -112.88170000000002, -139.79359999999994, -51.3731, -128.44679999999994, -119.87400000000004, -105.16550000000001, -137.5221500000001, -111.85540000000006, -128.1848, -138.6171, -171.49150000000003, -118.25989999999997, -185.96550000000002, -132.2103, -133.0347999999999, -144.52120000000005, -118.50609999999999, 51.02620000000019]
2025-08-14 00:23:52,303 - monopoly_simulator.gameplay_socket_phase3 - INFO - Replay buffer saved to replay_buffer.pkl
2025-08-14 00:23:53,225 - monopoly_simulator.gameplay_socket_phase3 - INFO - Using replay buffer from the DDQN agent.
2025-08-14 00:24:00,859 - monopoly_simulator.gameplay_socket_phase3 - INFO - Replay buffer stats: size=7294, capacity=10000
2025-08-14 00:24:00,859 - monopoly_simulator.gameplay_socket_phase3 - INFO - Average reward: -0.6253
2025-08-14 00:24:00,859 - monopoly_simulator.gameplay_socket_phase3 - INFO - Episode rewards: [-104.35310000000001, -119.29559999999996, -104.87695000000004, -156.86429999999993, -99.8657, -126.37515000000006, -105.39200000000002, -133.30859999999996, -79.735, -115.66939999999998, np.float64(-81.52719999999997), 12.668850000000134, -89.81550000000001, -100.74319999999999, -151.74280000000005, -110.82, -111.70589999999996, -117.01149999999998, 89.93520000000012, -125.54699999999998, -96.42830000000004, -151.04285000000002, -107.36940000000003, -112.88170000000002, -139.79359999999994, -51.3731, -128.44679999999994, -119.87400000000004, -105.16550000000001, -137.5221500000001, -111.85540000000006, -128.1848, -138.6171, -171.49150000000003, -118.25989999999997, -185.96550000000002, -132.2103, -133.0347999999999, -144.52120000000005, -118.50609999999999, 51.02620000000019, -147.5337499999999]
2025-08-14 00:24:01,122 - monopoly_simulator.gameplay_socket_phase3 - INFO - Replay buffer saved to replay_buffer.pkl
2025-08-14 00:26:52,607 - monopoly_simulator.gameplay_socket_phase3 - INFO - Using replay buffer from the DDQN agent.
2025-08-14 00:27:04,044 - monopoly_simulator.gameplay_socket_phase3 - INFO - Replay buffer stats: size=7459, capacity=10000
2025-08-14 00:27:04,044 - monopoly_simulator.gameplay_socket_phase3 - INFO - Average reward: -0.6271
2025-08-14 00:27:04,044 - monopoly_simulator.gameplay_socket_phase3 - INFO - Episode rewards: [-104.35310000000001, -119.29559999999996, -104.87695000000004, -156.86429999999993, -99.8657, -126.37515000000006, -105.39200000000002, -133.30859999999996, -79.735, -115.66939999999998, np.float64(-81.52719999999997), 12.668850000000134, -89.81550000000001, -100.74319999999999, -151.74280000000005, -110.82, -111.70589999999996, -117.01149999999998, 89.93520000000012, -125.54699999999998, -96.42830000000004, -151.04285000000002, -107.36940000000003, -112.88170000000002, -139.79359999999994, -51.3731, -128.44679999999994, -119.87400000000004, -105.16550000000001, -137.5221500000001, -111.85540000000006, -128.1848, -138.6171, -171.49150000000003, -118.25989999999997, -185.96550000000002, -132.2103, -133.0347999999999, -144.52120000000005, -118.50609999999999, 51.02620000000019, -147.5337499999999, -116.33599999999998]
2025-08-14 00:27:04,377 - monopoly_simulator.gameplay_socket_phase3 - INFO - Replay buffer saved to replay_buffer.pkl
2025-08-14 00:27:04,932 - monopoly_simulator.gameplay_socket_phase3 - INFO - Using replay buffer from the DDQN agent.
2025-08-14 00:27:17,364 - monopoly_simulator.gameplay_socket_phase3 - INFO - Replay buffer stats: size=7650, capacity=10000
2025-08-14 00:27:17,365 - monopoly_simulator.gameplay_socket_phase3 - INFO - Average reward: -0.6402
2025-08-14 00:27:17,365 - monopoly_simulator.gameplay_socket_phase3 - INFO - Episode rewards: [-104.35310000000001, -119.29559999999996, -104.87695000000004, -156.86429999999993, -99.8657, -126.37515000000006, -105.39200000000002, -133.30859999999996, -79.735, -115.66939999999998, np.float64(-81.52719999999997), 12.668850000000134, -89.81550000000001, -100.74319999999999, -151.74280000000005, -110.82, -111.70589999999996, -117.01149999999998, 89.93520000000012, -125.54699999999998, -96.42830000000004, -151.04285000000002, -107.36940000000003, -112.88170000000002, -139.79359999999994, -51.3731, -128.44679999999994, -119.87400000000004, -105.16550000000001, -137.5221500000001, -111.85540000000006, -128.1848, -138.6171, -171.49150000000003, -118.25989999999997, -185.96550000000002, -132.2103, -133.0347999999999, -144.52120000000005, -118.50609999999999, 51.02620000000019, -147.5337499999999, -116.33599999999998, -220.23749999999987]
2025-08-14 00:27:17,596 - monopoly_simulator.gameplay_socket_phase3 - INFO - Replay buffer saved to replay_buffer.pkl
2025-08-14 00:27:18,021 - monopoly_simulator.gameplay_socket_phase3 - INFO - Using replay buffer from the DDQN agent.
2025-08-14 00:27:26,246 - monopoly_simulator.gameplay_socket_phase3 - INFO - Replay buffer stats: size=7801, capacity=10000
2025-08-14 00:27:26,246 - monopoly_simulator.gameplay_socket_phase3 - INFO - Average reward: -0.6460
2025-08-14 00:27:26,246 - monopoly_simulator.gameplay_socket_phase3 - INFO - Episode rewards: [-104.35310000000001, -119.29559999999996, -104.87695000000004, -156.86429999999993, -99.8657, -126.37515000000006, -105.39200000000002, -133.30859999999996, -79.735, -115.66939999999998, np.float64(-81.52719999999997), 12.668850000000134, -89.81550000000001, -100.74319999999999, -151.74280000000005, -110.82, -111.70589999999996, -117.01149999999998, 89.93520000000012, -125.54699999999998, -96.42830000000004, -151.04285000000002, -107.36940000000003, -112.88170000000002, -139.79359999999994, -51.3731, -128.44679999999994, -119.87400000000004, -105.16550000000001, -137.5221500000001, -111.85540000000006, -128.1848, -138.6171, -171.49150000000003, -118.25989999999997, -185.96550000000002, -132.2103, -133.0347999999999, -144.52120000000005, -118.50609999999999, 51.02620000000019, -147.5337499999999, -116.33599999999998, -220.23749999999987, -141.7848]
2025-08-14 00:27:26,447 - monopoly_simulator.gameplay_socket_phase3 - INFO - Replay buffer saved to replay_buffer.pkl
2025-08-14 00:27:27,385 - monopoly_simulator.gameplay_socket_phase3 - INFO - Using replay buffer from the DDQN agent.
2025-08-14 00:27:31,185 - monopoly_simulator.gameplay_socket_phase3 - INFO - Replay buffer stats: size=7883, capacity=10000
2025-08-14 00:27:31,185 - monopoly_simulator.gameplay_socket_phase3 - INFO - Average reward: -0.6511
2025-08-14 00:27:31,185 - monopoly_simulator.gameplay_socket_phase3 - INFO - Episode rewards: [-104.35310000000001, -119.29559999999996, -104.87695000000004, -156.86429999999993, -99.8657, -126.37515000000006, -105.39200000000002, -133.30859999999996, -79.735, -115.66939999999998, np.float64(-81.52719999999997), 12.668850000000134, -89.81550000000001, -100.74319999999999, -151.74280000000005, -110.82, -111.70589999999996, -117.01149999999998, 89.93520000000012, -125.54699999999998, -96.42830000000004, -151.04285000000002, -107.36940000000003, -112.88170000000002, -139.79359999999994, -51.3731, -128.44679999999994, -119.87400000000004, -105.16550000000001, -137.5221500000001, -111.85540000000006, -128.1848, -138.6171, -171.49150000000003, -118.25989999999997, -185.96550000000002, -132.2103, -133.0347999999999, -144.52120000000005, -118.50609999999999, 51.02620000000019, -147.5337499999999, -116.33599999999998, -220.23749999999987, -141.7848, -92.8985]
2025-08-14 00:27:31,388 - monopoly_simulator.gameplay_socket_phase3 - INFO - Replay buffer saved to replay_buffer.pkl
2025-08-14 00:32:18,575 - monopoly_simulator.gameplay_socket_phase3 - INFO - Using replay buffer from the DDQN agent.
2025-08-14 00:32:30,004 - monopoly_simulator.gameplay_socket_phase3 - INFO - Replay buffer stats: size=8061, capacity=10000
2025-08-14 00:32:30,004 - monopoly_simulator.gameplay_socket_phase3 - INFO - Average reward: -0.6532
2025-08-14 00:32:30,004 - monopoly_simulator.gameplay_socket_phase3 - INFO - Episode rewards: [-104.35310000000001, -119.29559999999996, -104.87695000000004, -156.86429999999993, -99.8657, -126.37515000000006, -105.39200000000002, -133.30859999999996, -79.735, -115.66939999999998, np.float64(-81.52719999999997), 12.668850000000134, -89.81550000000001, -100.74319999999999, -151.74280000000005, -110.82, -111.70589999999996, -117.01149999999998, 89.93520000000012, -125.54699999999998, -96.42830000000004, -151.04285000000002, -107.36940000000003, -112.88170000000002, -139.79359999999994, -51.3731, -128.44679999999994, -119.87400000000004, -105.16550000000001, -137.5221500000001, -111.85540000000006, -128.1848, -138.6171, -171.49150000000003, -118.25989999999997, -185.96550000000002, -132.2103, -133.0347999999999, -144.52120000000005, -118.50609999999999, 51.02620000000019, -147.5337499999999, -116.33599999999998, -220.23749999999987, -141.7848, -92.8985, -132.9437]
2025-08-14 00:32:30,235 - monopoly_simulator.gameplay_socket_phase3 - INFO - Replay buffer saved to replay_buffer.pkl
2025-08-14 00:32:30,701 - monopoly_simulator.gameplay_socket_phase3 - INFO - Using replay buffer from the DDQN agent.
2025-08-14 00:32:38,556 - monopoly_simulator.gameplay_socket_phase3 - INFO - Replay buffer stats: size=8194, capacity=10000
2025-08-14 00:32:38,556 - monopoly_simulator.gameplay_socket_phase3 - INFO - Average reward: -0.6628
2025-08-14 00:32:38,556 - monopoly_simulator.gameplay_socket_phase3 - INFO - Episode rewards: [-104.35310000000001, -119.29559999999996, -104.87695000000004, -156.86429999999993, -99.8657, -126.37515000000006, -105.39200000000002, -133.30859999999996, -79.735, -115.66939999999998, np.float64(-81.52719999999997), 12.668850000000134, -89.81550000000001, -100.74319999999999, -151.74280000000005, -110.82, -111.70589999999996, -117.01149999999998, 89.93520000000012, -125.54699999999998, -96.42830000000004, -151.04285000000002, -107.36940000000003, -112.88170000000002, -139.79359999999994, -51.3731, -128.44679999999994, -119.87400000000004, -105.16550000000001, -137.5221500000001, -111.85540000000006, -128.1848, -138.6171, -171.49150000000003, -118.25989999999997, -185.96550000000002, -132.2103, -133.0347999999999, -144.52120000000005, -118.50609999999999, 51.02620000000019, -147.5337499999999, -116.33599999999998, -220.23749999999987, -141.7848, -92.8985, -132.9437, -165.5204000000001]
2025-08-14 00:32:38,842 - monopoly_simulator.gameplay_socket_phase3 - INFO - Replay buffer saved to replay_buffer.pkl
2025-08-14 00:32:39,269 - monopoly_simulator.gameplay_socket_phase3 - INFO - Using replay buffer from the DDQN agent.
2025-08-14 00:32:48,630 - monopoly_simulator.gameplay_socket_phase3 - INFO - Replay buffer stats: size=8356, capacity=10000
2025-08-14 00:32:48,630 - monopoly_simulator.gameplay_socket_phase3 - INFO - Average reward: -0.6661
2025-08-14 00:32:48,630 - monopoly_simulator.gameplay_socket_phase3 - INFO - Episode rewards: [-104.35310000000001, -119.29559999999996, -104.87695000000004, -156.86429999999993, -99.8657, -126.37515000000006, -105.39200000000002, -133.30859999999996, -79.735, -115.66939999999998, np.float64(-81.52719999999997), 12.668850000000134, -89.81550000000001, -100.74319999999999, -151.74280000000005, -110.82, -111.70589999999996, -117.01149999999998, 89.93520000000012, -125.54699999999998, -96.42830000000004, -151.04285000000002, -107.36940000000003, -112.88170000000002, -139.79359999999994, -51.3731, -128.44679999999994, -119.87400000000004, -105.16550000000001, -137.5221500000001, -111.85540000000006, -128.1848, -138.6171, -171.49150000000003, -118.25989999999997, -185.96550000000002, -132.2103, -133.0347999999999, -144.52120000000005, -118.50609999999999, 51.02620000000019, -147.5337499999999, -116.33599999999998, -220.23749999999987, -141.7848, -92.8985, -132.9437, -165.5204000000001, -134.70309999999998]
2025-08-14 00:32:48,889 - monopoly_simulator.gameplay_socket_phase3 - INFO - Replay buffer saved to replay_buffer.pkl
2025-08-14 00:32:49,951 - monopoly_simulator.gameplay_socket_phase3 - INFO - Using replay buffer from the DDQN agent.
2025-08-14 00:34:03,698 - monopoly_simulator.gameplay_socket_phase3 - INFO - Using replay buffer from the DDQN agent.
2025-08-14 00:34:10,232 - monopoly_simulator.gameplay_socket_phase3 - INFO - Replay buffer stats: size=8471, capacity=10000
2025-08-14 00:34:10,232 - monopoly_simulator.gameplay_socket_phase3 - INFO - Average reward: -0.6683
2025-08-14 00:34:10,232 - monopoly_simulator.gameplay_socket_phase3 - INFO - Episode rewards: [-104.35310000000001, -119.29559999999996, -104.87695000000004, -156.86429999999993, -99.8657, -126.37515000000006, -105.39200000000002, -133.30859999999996, -79.735, -115.66939999999998, np.float64(-81.52719999999997), 12.668850000000134, -89.81550000000001, -100.74319999999999, -151.74280000000005, -110.82, -111.70589999999996, -117.01149999999998, 89.93520000000012, -125.54699999999998, -96.42830000000004, -151.04285000000002, -107.36940000000003, -112.88170000000002, -139.79359999999994, -51.3731, -128.44679999999994, -119.87400000000004, -105.16550000000001, -137.5221500000001, -111.85540000000006, -128.1848, -138.6171, -171.49150000000003, -118.25989999999997, -185.96550000000002, -132.2103, -133.0347999999999, -144.52120000000005, -118.50609999999999, 51.02620000000019, -147.5337499999999, -116.33599999999998, -220.23749999999987, -141.7848, -92.8985, -132.9437, -165.5204000000001, -134.70309999999998, -95.58679999999995]
2025-08-14 00:34:10,555 - monopoly_simulator.gameplay_socket_phase3 - INFO - Replay buffer saved to replay_buffer.pkl
2025-08-14 00:34:11,041 - monopoly_simulator.gameplay_socket_phase3 - INFO - Using replay buffer from the DDQN agent.
2025-08-14 00:34:17,324 - monopoly_simulator.gameplay_socket_phase3 - INFO - Replay buffer stats: size=8577, capacity=10000
2025-08-14 00:34:17,324 - monopoly_simulator.gameplay_socket_phase3 - INFO - Average reward: -0.6701
2025-08-14 00:34:17,324 - monopoly_simulator.gameplay_socket_phase3 - INFO - Episode rewards: [-104.35310000000001, -119.29559999999996, -104.87695000000004, -156.86429999999993, -99.8657, -126.37515000000006, -105.39200000000002, -133.30859999999996, -79.735, -115.66939999999998, np.float64(-81.52719999999997), 12.668850000000134, -89.81550000000001, -100.74319999999999, -151.74280000000005, -110.82, -111.70589999999996, -117.01149999999998, 89.93520000000012, -125.54699999999998, -96.42830000000004, -151.04285000000002, -107.36940000000003, -112.88170000000002, -139.79359999999994, -51.3731, -128.44679999999994, -119.87400000000004, -105.16550000000001, -137.5221500000001, -111.85540000000006, -128.1848, -138.6171, -171.49150000000003, -118.25989999999997, -185.96550000000002, -132.2103, -133.0347999999999, -144.52120000000005, -118.50609999999999, 51.02620000000019, -147.5337499999999, -116.33599999999998, -220.23749999999987, -141.7848, -92.8985, -132.9437, -165.5204000000001, -134.70309999999998, -95.58679999999995, -86.1286]
2025-08-14 00:34:17,630 - monopoly_simulator.gameplay_socket_phase3 - INFO - Replay buffer saved to replay_buffer.pkl
2025-08-14 00:34:18,161 - monopoly_simulator.gameplay_socket_phase3 - INFO - Using replay buffer from the DDQN agent.
2025-08-14 00:34:26,813 - monopoly_simulator.gameplay_socket_phase3 - INFO - Replay buffer stats: size=8723, capacity=10000
2025-08-14 00:34:26,813 - monopoly_simulator.gameplay_socket_phase3 - INFO - Average reward: -0.6697
2025-08-14 00:34:26,813 - monopoly_simulator.gameplay_socket_phase3 - INFO - Episode rewards: [-104.35310000000001, -119.29559999999996, -104.87695000000004, -156.86429999999993, -99.8657, -126.37515000000006, -105.39200000000002, -133.30859999999996, -79.735, -115.66939999999998, np.float64(-81.52719999999997), 12.668850000000134, -89.81550000000001, -100.74319999999999, -151.74280000000005, -110.82, -111.70589999999996, -117.01149999999998, 89.93520000000012, -125.54699999999998, -96.42830000000004, -151.04285000000002, -107.36940000000003, -112.88170000000002, -139.79359999999994, -51.3731, -128.44679999999994, -119.87400000000004, -105.16550000000001, -137.5221500000001, -111.85540000000006, -128.1848, -138.6171, -171.49150000000003, -118.25989999999997, -185.96550000000002, -132.2103, -133.0347999999999, -144.52120000000005, -118.50609999999999, 51.02620000000019, -147.5337499999999, -116.33599999999998, -220.23749999999987, -141.7848, -92.8985, -132.9437, -165.5204000000001, -134.70309999999998, -95.58679999999995, -86.1286, -94.72549999999997]
2025-08-14 00:34:27,092 - monopoly_simulator.gameplay_socket_phase3 - INFO - Replay buffer saved to replay_buffer.pkl
2025-08-14 00:34:28,014 - monopoly_simulator.gameplay_socket_phase3 - INFO - Using replay buffer from the DDQN agent.
2025-08-14 00:34:33,918 - monopoly_simulator.gameplay_socket_phase3 - INFO - Replay buffer stats: size=8882, capacity=10000
2025-08-14 00:34:33,918 - monopoly_simulator.gameplay_socket_phase3 - INFO - Average reward: -0.6717
2025-08-14 00:34:33,918 - monopoly_simulator.gameplay_socket_phase3 - INFO - Episode rewards: [-104.35310000000001, -119.29559999999996, -104.87695000000004, -156.86429999999993, -99.8657, -126.37515000000006, -105.39200000000002, -133.30859999999996, -79.735, -115.66939999999998, np.float64(-81.52719999999997), 12.668850000000134, -89.81550000000001, -100.74319999999999, -151.74280000000005, -110.82, -111.70589999999996, -117.01149999999998, 89.93520000000012, -125.54699999999998, -96.42830000000004, -151.04285000000002, -107.36940000000003, -112.88170000000002, -139.79359999999994, -51.3731, -128.44679999999994, -119.87400000000004, -105.16550000000001, -137.5221500000001, -111.85540000000006, -128.1848, -138.6171, -171.49150000000003, -118.25989999999997, -185.96550000000002, -132.2103, -133.0347999999999, -144.52120000000005, -118.50609999999999, 51.02620000000019, -147.5337499999999, -116.33599999999998, -220.23749999999987, -141.7848, -92.8985, -132.9437, -165.5204000000001, -134.70309999999998, -95.58679999999995, -86.1286, -94.72549999999997, -123.8390000000001]
2025-08-14 00:34:34,210 - monopoly_simulator.gameplay_socket_phase3 - INFO - Replay buffer saved to replay_buffer.pkl
2025-08-14 00:35:08,682 - monopoly_simulator.gameplay_socket_phase3 - INFO - Using replay buffer from the DDQN agent.
2025-08-14 00:35:16,076 - monopoly_simulator.gameplay_socket_phase3 - INFO - Replay buffer stats: size=9001, capacity=10000
2025-08-14 00:35:16,076 - monopoly_simulator.gameplay_socket_phase3 - INFO - Average reward: -0.6733
2025-08-14 00:35:16,076 - monopoly_simulator.gameplay_socket_phase3 - INFO - Episode rewards: [-104.35310000000001, -119.29559999999996, -104.87695000000004, -156.86429999999993, -99.8657, -126.37515000000006, -105.39200000000002, -133.30859999999996, -79.735, -115.66939999999998, np.float64(-81.52719999999997), 12.668850000000134, -89.81550000000001, -100.74319999999999, -151.74280000000005, -110.82, -111.70589999999996, -117.01149999999998, 89.93520000000012, -125.54699999999998, -96.42830000000004, -151.04285000000002, -107.36940000000003, -112.88170000000002, -139.79359999999994, -51.3731, -128.44679999999994, -119.87400000000004, -105.16550000000001, -137.5221500000001, -111.85540000000006, -128.1848, -138.6171, -171.49150000000003, -118.25989999999997, -185.96550000000002, -132.2103, -133.0347999999999, -144.52120000000005, -118.50609999999999, 51.02620000000019, -147.5337499999999, -116.33599999999998, -220.23749999999987, -141.7848, -92.8985, -132.9437, -165.5204000000001, -134.70309999999998, -95.58679999999995, -86.1286, -94.72549999999997, -123.8390000000001, -94.2515]
2025-08-14 00:35:16,318 - monopoly_simulator.gameplay_socket_phase3 - INFO - Replay buffer saved to replay_buffer.pkl
2025-08-14 00:35:16,783 - monopoly_simulator.gameplay_socket_phase3 - INFO - Using replay buffer from the DDQN agent.
2025-08-14 00:35:25,126 - monopoly_simulator.gameplay_socket_phase3 - INFO - Replay buffer stats: size=9146, capacity=10000
2025-08-14 00:35:25,126 - monopoly_simulator.gameplay_socket_phase3 - INFO - Average reward: -0.6756
2025-08-14 00:35:25,126 - monopoly_simulator.gameplay_socket_phase3 - INFO - Episode rewards: [-104.35310000000001, -119.29559999999996, -104.87695000000004, -156.86429999999993, -99.8657, -126.37515000000006, -105.39200000000002, -133.30859999999996, -79.735, -115.66939999999998, np.float64(-81.52719999999997), 12.668850000000134, -89.81550000000001, -100.74319999999999, -151.74280000000005, -110.82, -111.70589999999996, -117.01149999999998, 89.93520000000012, -125.54699999999998, -96.42830000000004, -151.04285000000002, -107.36940000000003, -112.88170000000002, -139.79359999999994, -51.3731, -128.44679999999994, -119.87400000000004, -105.16550000000001, -137.5221500000001, -111.85540000000006, -128.1848, -138.6171, -171.49150000000003, -118.25989999999997, -185.96550000000002, -132.2103, -133.0347999999999, -144.52120000000005, -118.50609999999999, 51.02620000000019, -147.5337499999999, -116.33599999999998, -220.23749999999987, -141.7848, -92.8985, -132.9437, -165.5204000000001, -134.70309999999998, -95.58679999999995, -86.1286, -94.72549999999997, -123.8390000000001, -94.2515, -118.68219999999998]
2025-08-14 00:35:25,375 - monopoly_simulator.gameplay_socket_phase3 - INFO - Replay buffer saved to replay_buffer.pkl
2025-08-14 00:35:25,825 - monopoly_simulator.gameplay_socket_phase3 - INFO - Using replay buffer from the DDQN agent.
2025-08-14 00:35:35,814 - monopoly_simulator.gameplay_socket_phase3 - INFO - Replay buffer stats: size=9308, capacity=10000
2025-08-14 00:35:35,814 - monopoly_simulator.gameplay_socket_phase3 - INFO - Average reward: -0.6773
2025-08-14 00:35:35,814 - monopoly_simulator.gameplay_socket_phase3 - INFO - Episode rewards: [-104.35310000000001, -119.29559999999996, -104.87695000000004, -156.86429999999993, -99.8657, -126.37515000000006, -105.39200000000002, -133.30859999999996, -79.735, -115.66939999999998, np.float64(-81.52719999999997), 12.668850000000134, -89.81550000000001, -100.74319999999999, -151.74280000000005, -110.82, -111.70589999999996, -117.01149999999998, 89.93520000000012, -125.54699999999998, -96.42830000000004, -151.04285000000002, -107.36940000000003, -112.88170000000002, -139.79359999999994, -51.3731, -128.44679999999994, -119.87400000000004, -105.16550000000001, -137.5221500000001, -111.85540000000006, -128.1848, -138.6171, -171.49150000000003, -118.25989999999997, -185.96550000000002, -132.2103, -133.0347999999999, -144.52120000000005, -118.50609999999999, 51.02620000000019, -147.5337499999999, -116.33599999999998, -220.23749999999987, -141.7848, -92.8985, -132.9437, -165.5204000000001, -134.70309999999998, -95.58679999999995, -86.1286, -94.72549999999997, -123.8390000000001, -94.2515, -118.68219999999998, -126.0247]
2025-08-14 00:35:36,158 - monopoly_simulator.gameplay_socket_phase3 - INFO - Replay buffer saved to replay_buffer.pkl
2025-08-14 00:35:37,159 - monopoly_simulator.gameplay_socket_phase3 - INFO - Using replay buffer from the DDQN agent.
2025-08-14 00:35:41,445 - monopoly_simulator.gameplay_socket_phase3 - INFO - Replay buffer stats: size=9425, capacity=10000
2025-08-14 00:35:41,446 - monopoly_simulator.gameplay_socket_phase3 - INFO - Average reward: -0.6812
2025-08-14 00:35:41,446 - monopoly_simulator.gameplay_socket_phase3 - INFO - Episode rewards: [-104.35310000000001, -119.29559999999996, -104.87695000000004, -156.86429999999993, -99.8657, -126.37515000000006, -105.39200000000002, -133.30859999999996, -79.735, -115.66939999999998, np.float64(-81.52719999999997), 12.668850000000134, -89.81550000000001, -100.74319999999999, -151.74280000000005, -110.82, -111.70589999999996, -117.01149999999998, 89.93520000000012, -125.54699999999998, -96.42830000000004, -151.04285000000002, -107.36940000000003, -112.88170000000002, -139.79359999999994, -51.3731, -128.44679999999994, -119.87400000000004, -105.16550000000001, -137.5221500000001, -111.85540000000006, -128.1848, -138.6171, -171.49150000000003, -118.25989999999997, -185.96550000000002, -132.2103, -133.0347999999999, -144.52120000000005, -118.50609999999999, 51.02620000000019, -147.5337499999999, -116.33599999999998, -220.23749999999987, -141.7848, -92.8985, -132.9437, -165.5204000000001, -134.70309999999998, -95.58679999999995, -86.1286, -94.72549999999997, -123.8390000000001, -94.2515, -118.68219999999998, -126.0247, -115.63000000000004]
2025-08-14 00:35:41,750 - monopoly_simulator.gameplay_socket_phase3 - INFO - Replay buffer saved to replay_buffer.pkl
2025-08-15 10:40:44,990 - monopoly_simulator.gameplay_socket_phase3 - INFO - Using replay buffer from the DDQN agent.
2025-08-15 10:40:52,198 - monopoly_simulator.gameplay_socket_phase3 - INFO - Replay buffer stats: size=9536, capacity=10000
2025-08-15 10:40:52,198 - monopoly_simulator.gameplay_socket_phase3 - INFO - Average reward: -0.6834
2025-08-15 10:40:52,198 - monopoly_simulator.gameplay_socket_phase3 - INFO - Episode rewards: [-104.35310000000001, -119.29559999999996, -104.87695000000004, -156.86429999999993, -99.8657, -126.37515000000006, -105.39200000000002, -133.30859999999996, -79.735, -115.66939999999998, np.float64(-81.52719999999997), 12.668850000000134, -89.81550000000001, -100.74319999999999, -151.74280000000005, -110.82, -111.70589999999996, -117.01149999999998, 89.93520000000012, -125.54699999999998, -96.42830000000004, -151.04285000000002, -107.36940000000003, -112.88170000000002, -139.79359999999994, -51.3731, -128.44679999999994, -119.87400000000004, -105.16550000000001, -137.5221500000001, -111.85540000000006, -128.1848, -138.6171, -171.49150000000003, -118.25989999999997, -185.96550000000002, -132.2103, -133.0347999999999, -144.52120000000005, -118.50609999999999, 51.02620000000019, -147.5337499999999, -116.33599999999998, -220.23749999999987, -141.7848, -92.8985, -132.9437, -165.5204000000001, -134.70309999999998, -95.58679999999995, -86.1286, -94.72549999999997, -123.8390000000001, -94.2515, -118.68219999999998, -126.0247, -115.63000000000004, -96.90250000000003]
2025-08-15 10:40:52,567 - monopoly_simulator.gameplay_socket_phase3 - INFO - Replay buffer saved to replay_buffer.pkl
2025-08-15 10:40:53,066 - monopoly_simulator.gameplay_socket_phase3 - INFO - Using replay buffer from the DDQN agent.
2025-08-15 10:41:04,111 - monopoly_simulator.gameplay_socket_phase3 - INFO - Replay buffer stats: size=9709, capacity=10000
2025-08-15 10:41:04,111 - monopoly_simulator.gameplay_socket_phase3 - INFO - Average reward: -0.6849
2025-08-15 10:41:04,111 - monopoly_simulator.gameplay_socket_phase3 - INFO - Episode rewards: [-104.35310000000001, -119.29559999999996, -104.87695000000004, -156.86429999999993, -99.8657, -126.37515000000006, -105.39200000000002, -133.30859999999996, -79.735, -115.66939999999998, np.float64(-81.52719999999997), 12.668850000000134, -89.81550000000001, -100.74319999999999, -151.74280000000005, -110.82, -111.70589999999996, -117.01149999999998, 89.93520000000012, -125.54699999999998, -96.42830000000004, -151.04285000000002, -107.36940000000003, -112.88170000000002, -139.79359999999994, -51.3731, -128.44679999999994, -119.87400000000004, -105.16550000000001, -137.5221500000001, -111.85540000000006, -128.1848, -138.6171, -171.49150000000003, -118.25989999999997, -185.96550000000002, -132.2103, -133.0347999999999, -144.52120000000005, -118.50609999999999, 51.02620000000019, -147.5337499999999, -116.33599999999998, -220.23749999999987, -141.7848, -92.8985, -132.9437, -165.5204000000001, -134.70309999999998, -95.58679999999995, -86.1286, -94.72549999999997, -123.8390000000001, -94.2515, -118.68219999999998, -126.0247, -115.63000000000004, -96.90250000000003, -132.0924]
2025-08-15 10:41:04,358 - monopoly_simulator.gameplay_socket_phase3 - INFO - Replay buffer saved to replay_buffer.pkl
2025-08-15 10:41:04,923 - monopoly_simulator.gameplay_socket_phase3 - INFO - Using replay buffer from the DDQN agent.
2025-08-15 10:41:13,054 - monopoly_simulator.gameplay_socket_phase3 - INFO - Replay buffer stats: size=9833, capacity=10000
2025-08-15 10:41:13,054 - monopoly_simulator.gameplay_socket_phase3 - INFO - Average reward: -0.6878
2025-08-15 10:41:13,054 - monopoly_simulator.gameplay_socket_phase3 - INFO - Episode rewards: [-104.35310000000001, -119.29559999999996, -104.87695000000004, -156.86429999999993, -99.8657, -126.37515000000006, -105.39200000000002, -133.30859999999996, -79.735, -115.66939999999998, np.float64(-81.52719999999997), 12.668850000000134, -89.81550000000001, -100.74319999999999, -151.74280000000005, -110.82, -111.70589999999996, -117.01149999999998, 89.93520000000012, -125.54699999999998, -96.42830000000004, -151.04285000000002, -107.36940000000003, -112.88170000000002, -139.79359999999994, -51.3731, -128.44679999999994, -119.87400000000004, -105.16550000000001, -137.5221500000001, -111.85540000000006, -128.1848, -138.6171, -171.49150000000003, -118.25989999999997, -185.96550000000002, -132.2103, -133.0347999999999, -144.52120000000005, -118.50609999999999, 51.02620000000019, -147.5337499999999, -116.33599999999998, -220.23749999999987, -141.7848, -92.8985, -132.9437, -165.5204000000001, -134.70309999999998, -95.58679999999995, -86.1286, -94.72549999999997, -123.8390000000001, -94.2515, -118.68219999999998, -126.0247, -115.63000000000004, -96.90250000000003, -132.0924, -113.27990000000004]
2025-08-15 10:41:13,542 - monopoly_simulator.gameplay_socket_phase3 - INFO - Replay buffer saved to replay_buffer.pkl
2025-08-15 10:41:14,998 - monopoly_simulator.gameplay_socket_phase3 - INFO - Using replay buffer from the DDQN agent.
2025-08-15 10:41:28,141 - monopoly_simulator.gameplay_socket_phase3 - INFO - Replay buffer stats: size=10000, capacity=10000
2025-08-15 10:41:28,141 - monopoly_simulator.gameplay_socket_phase3 - INFO - Average reward: -0.7005
2025-08-15 10:41:28,141 - monopoly_simulator.gameplay_socket_phase3 - INFO - Episode rewards: [-104.35310000000001, -119.29559999999996, -104.87695000000004, -156.86429999999993, -99.8657, -126.37515000000006, -105.39200000000002, -133.30859999999996, -79.735, -115.66939999999998, np.float64(-81.52719999999997), 12.668850000000134, -89.81550000000001, -100.74319999999999, -151.74280000000005, -110.82, -111.70589999999996, -117.01149999999998, 89.93520000000012, -125.54699999999998, -96.42830000000004, -151.04285000000002, -107.36940000000003, -112.88170000000002, -139.79359999999994, -51.3731, -128.44679999999994, -119.87400000000004, -105.16550000000001, -137.5221500000001, -111.85540000000006, -128.1848, -138.6171, -171.49150000000003, -118.25989999999997, -185.96550000000002, -132.2103, -133.0347999999999, -144.52120000000005, -118.50609999999999, 51.02620000000019, -147.5337499999999, -116.33599999999998, -220.23749999999987, -141.7848, -92.8985, -132.9437, -165.5204000000001, -134.70309999999998, -95.58679999999995, -86.1286, -94.72549999999997, -123.8390000000001, -94.2515, -118.68219999999998, -126.0247, -115.63000000000004, -96.90250000000003, -132.0924, -113.27990000000004, -249.9605000000002]
2025-08-15 10:41:28,552 - monopoly_simulator.gameplay_socket_phase3 - INFO - Replay buffer saved to replay_buffer.pkl
2025-08-15 10:43:55,520 - monopoly_simulator.gameplay_socket_phase3 - INFO - Using replay buffer from the DDQN agent.
2025-08-15 10:44:05,823 - monopoly_simulator.gameplay_socket_phase3 - INFO - Replay buffer stats: size=10000, capacity=10000
2025-08-15 10:44:05,823 - monopoly_simulator.gameplay_socket_phase3 - INFO - Average reward: -0.6995
2025-08-15 10:44:05,823 - monopoly_simulator.gameplay_socket_phase3 - INFO - Episode rewards: [-104.35310000000001, -119.29559999999996, -104.87695000000004, -156.86429999999993, -99.8657, -126.37515000000006, -105.39200000000002, -133.30859999999996, -79.735, -115.66939999999998, np.float64(-81.52719999999997), 12.668850000000134, -89.81550000000001, -100.74319999999999, -151.74280000000005, -110.82, -111.70589999999996, -117.01149999999998, 89.93520000000012, -125.54699999999998, -96.42830000000004, -151.04285000000002, -107.36940000000003, -112.88170000000002, -139.79359999999994, -51.3731, -128.44679999999994, -119.87400000000004, -105.16550000000001, -137.5221500000001, -111.85540000000006, -128.1848, -138.6171, -171.49150000000003, -118.25989999999997, -185.96550000000002, -132.2103, -133.0347999999999, -144.52120000000005, -118.50609999999999, 51.02620000000019, -147.5337499999999, -116.33599999999998, -220.23749999999987, -141.7848, -92.8985, -132.9437, -165.5204000000001, -134.70309999999998, -95.58679999999995, -86.1286, -94.72549999999997, -123.8390000000001, -94.2515, -118.68219999999998, -126.0247, -115.63000000000004, -96.90250000000003, -132.0924, -113.27990000000004, -249.9605000000002, -130.3794]
2025-08-15 10:44:06,226 - monopoly_simulator.gameplay_socket_phase3 - INFO - Replay buffer saved to replay_buffer.pkl
2025-08-15 10:44:06,815 - monopoly_simulator.gameplay_socket_phase3 - INFO - Using replay buffer from the DDQN agent.
2025-08-15 10:44:15,987 - monopoly_simulator.gameplay_socket_phase3 - INFO - Replay buffer stats: size=10000, capacity=10000
2025-08-15 10:44:15,987 - monopoly_simulator.gameplay_socket_phase3 - INFO - Average reward: -0.6980
2025-08-15 10:44:15,987 - monopoly_simulator.gameplay_socket_phase3 - INFO - Episode rewards: [-104.35310000000001, -119.29559999999996, -104.87695000000004, -156.86429999999993, -99.8657, -126.37515000000006, -105.39200000000002, -133.30859999999996, -79.735, -115.66939999999998, np.float64(-81.52719999999997), 12.668850000000134, -89.81550000000001, -100.74319999999999, -151.74280000000005, -110.82, -111.70589999999996, -117.01149999999998, 89.93520000000012, -125.54699999999998, -96.42830000000004, -151.04285000000002, -107.36940000000003, -112.88170000000002, -139.79359999999994, -51.3731, -128.44679999999994, -119.87400000000004, -105.16550000000001, -137.5221500000001, -111.85540000000006, -128.1848, -138.6171, -171.49150000000003, -118.25989999999997, -185.96550000000002, -132.2103, -133.0347999999999, -144.52120000000005, -118.50609999999999, 51.02620000000019, -147.5337499999999, -116.33599999999998, -220.23749999999987, -141.7848, -92.8985, -132.9437, -165.5204000000001, -134.70309999999998, -95.58679999999995, -86.1286, -94.72549999999997, -123.8390000000001, -94.2515, -118.68219999999998, -126.0247, -115.63000000000004, -96.90250000000003, -132.0924, -113.27990000000004, -249.9605000000002, -130.3794, -167.2097]
2025-08-15 10:44:16,285 - monopoly_simulator.gameplay_socket_phase3 - INFO - Replay buffer saved to replay_buffer.pkl
2025-08-15 10:44:16,842 - monopoly_simulator.gameplay_socket_phase3 - INFO - Using replay buffer from the DDQN agent.
2025-08-15 10:44:37,473 - monopoly_simulator.gameplay_socket_phase3 - INFO - Replay buffer stats: size=10000, capacity=10000
2025-08-15 10:44:37,474 - monopoly_simulator.gameplay_socket_phase3 - INFO - Average reward: -0.6979
2025-08-15 10:44:37,474 - monopoly_simulator.gameplay_socket_phase3 - INFO - Episode rewards: [-104.35310000000001, -119.29559999999996, -104.87695000000004, -156.86429999999993, -99.8657, -126.37515000000006, -105.39200000000002, -133.30859999999996, -79.735, -115.66939999999998, np.float64(-81.52719999999997), 12.668850000000134, -89.81550000000001, -100.74319999999999, -151.74280000000005, -110.82, -111.70589999999996, -117.01149999999998, 89.93520000000012, -125.54699999999998, -96.42830000000004, -151.04285000000002, -107.36940000000003, -112.88170000000002, -139.79359999999994, -51.3731, -128.44679999999994, -119.87400000000004, -105.16550000000001, -137.5221500000001, -111.85540000000006, -128.1848, -138.6171, -171.49150000000003, -118.25989999999997, -185.96550000000002, -132.2103, -133.0347999999999, -144.52120000000005, -118.50609999999999, 51.02620000000019, -147.5337499999999, -116.33599999999998, -220.23749999999987, -141.7848, -92.8985, -132.9437, -165.5204000000001, -134.70309999999998, -95.58679999999995, -86.1286, -94.72549999999997, -123.8390000000001, -94.2515, -118.68219999999998, -126.0247, -115.63000000000004, -96.90250000000003, -132.0924, -113.27990000000004, -249.9605000000002, -130.3794, -167.2097, -167.20749999999992]
2025-08-15 10:44:37,826 - monopoly_simulator.gameplay_socket_phase3 - INFO - Replay buffer saved to replay_buffer.pkl
2025-08-15 10:44:39,023 - monopoly_simulator.gameplay_socket_phase3 - INFO - Using replay buffer from the DDQN agent.
2025-08-15 10:44:53,810 - monopoly_simulator.gameplay_socket_phase3 - INFO - Replay buffer stats: size=10000, capacity=10000
2025-08-15 10:44:53,810 - monopoly_simulator.gameplay_socket_phase3 - INFO - Average reward: -0.6830
2025-08-15 10:44:53,810 - monopoly_simulator.gameplay_socket_phase3 - INFO - Episode rewards: [-104.35310000000001, -119.29559999999996, -104.87695000000004, -156.86429999999993, -99.8657, -126.37515000000006, -105.39200000000002, -133.30859999999996, -79.735, -115.66939999999998, np.float64(-81.52719999999997), 12.668850000000134, -89.81550000000001, -100.74319999999999, -151.74280000000005, -110.82, -111.70589999999996, -117.01149999999998, 89.93520000000012, -125.54699999999998, -96.42830000000004, -151.04285000000002, -107.36940000000003, -112.88170000000002, -139.79359999999994, -51.3731, -128.44679999999994, -119.87400000000004, -105.16550000000001, -137.5221500000001, -111.85540000000006, -128.1848, -138.6171, -171.49150000000003, -118.25989999999997, -185.96550000000002, -132.2103, -133.0347999999999, -144.52120000000005, -118.50609999999999, 51.02620000000019, -147.5337499999999, -116.33599999999998, -220.23749999999987, -141.7848, -92.8985, -132.9437, -165.5204000000001, -134.70309999999998, -95.58679999999995, -86.1286, -94.72549999999997, -123.8390000000001, -94.2515, -118.68219999999998, -126.0247, -115.63000000000004, -96.90250000000003, -132.0924, -113.27990000000004, -249.9605000000002, -130.3794, -167.2097, -167.20749999999992, -79.89524999999998]
2025-08-15 10:44:54,194 - monopoly_simulator.gameplay_socket_phase3 - INFO - Replay buffer saved to replay_buffer.pkl
2025-08-15 10:44:54,196 - monopoly_simulator.gameplay_socket_phase3 - INFO - Using replay buffer from the DDQN agent.
2025-08-15 10:45:05,745 - monopoly_simulator.gameplay_socket_phase3 - INFO - Replay buffer stats: size=10000, capacity=10000
2025-08-15 10:45:05,745 - monopoly_simulator.gameplay_socket_phase3 - INFO - Average reward: -0.6830
2025-08-15 10:45:05,745 - monopoly_simulator.gameplay_socket_phase3 - INFO - Episode rewards: [-104.35310000000001, -119.29559999999996, -104.87695000000004, -156.86429999999993, -99.8657, -126.37515000000006, -105.39200000000002, -133.30859999999996, -79.735, -115.66939999999998, np.float64(-81.52719999999997), 12.668850000000134, -89.81550000000001, -100.74319999999999, -151.74280000000005, -110.82, -111.70589999999996, -117.01149999999998, 89.93520000000012, -125.54699999999998, -96.42830000000004, -151.04285000000002, -107.36940000000003, -112.88170000000002, -139.79359999999994, -51.3731, -128.44679999999994, -119.87400000000004, -105.16550000000001, -137.5221500000001, -111.85540000000006, -128.1848, -138.6171, -171.49150000000003, -118.25989999999997, -185.96550000000002, -132.2103, -133.0347999999999, -144.52120000000005, -118.50609999999999, 51.02620000000019, -147.5337499999999, -116.33599999999998, -220.23749999999987, -141.7848, -92.8985, -132.9437, -165.5204000000001, -134.70309999999998, -95.58679999999995, -86.1286, -94.72549999999997, -123.8390000000001, -94.2515, -118.68219999999998, -126.0247, -115.63000000000004, -96.90250000000003, -132.0924, -113.27990000000004, -249.9605000000002, -130.3794, -167.2097, -167.20749999999992, -79.89524999999998, np.float64(-223.27599999999998)]
2025-08-15 10:45:06,073 - monopoly_simulator.gameplay_socket_phase3 - INFO - Replay buffer saved to replay_buffer.pkl
2025-08-15 10:45:06,075 - monopoly_simulator.gameplay_socket_phase3 - INFO - Using replay buffer from the DDQN agent.
2025-08-15 10:45:11,946 - monopoly_simulator.gameplay_socket_phase3 - INFO - Replay buffer stats: size=10000, capacity=10000
2025-08-15 10:45:11,946 - monopoly_simulator.gameplay_socket_phase3 - INFO - Average reward: -0.6890
2025-08-15 10:45:11,946 - monopoly_simulator.gameplay_socket_phase3 - INFO - Episode rewards: [-104.35310000000001, -119.29559999999996, -104.87695000000004, -156.86429999999993, -99.8657, -126.37515000000006, -105.39200000000002, -133.30859999999996, -79.735, -115.66939999999998, np.float64(-81.52719999999997), 12.668850000000134, -89.81550000000001, -100.74319999999999, -151.74280000000005, -110.82, -111.70589999999996, -117.01149999999998, 89.93520000000012, -125.54699999999998, -96.42830000000004, -151.04285000000002, -107.36940000000003, -112.88170000000002, -139.79359999999994, -51.3731, -128.44679999999994, -119.87400000000004, -105.16550000000001, -137.5221500000001, -111.85540000000006, -128.1848, -138.6171, -171.49150000000003, -118.25989999999997, -185.96550000000002, -132.2103, -133.0347999999999, -144.52120000000005, -118.50609999999999, 51.02620000000019, -147.5337499999999, -116.33599999999998, -220.23749999999987, -141.7848, -92.8985, -132.9437, -165.5204000000001, -134.70309999999998, -95.58679999999995, -86.1286, -94.72549999999997, -123.8390000000001, -94.2515, -118.68219999999998, -126.0247, -115.63000000000004, -96.90250000000003, -132.0924, -113.27990000000004, -249.9605000000002, -130.3794, -167.2097, -167.20749999999992, -79.89524999999998, np.float64(-223.27599999999998), -140.5759]
2025-08-15 10:45:12,289 - monopoly_simulator.gameplay_socket_phase3 - INFO - Replay buffer saved to replay_buffer.pkl
2025-08-15 10:45:12,292 - monopoly_simulator.gameplay_socket_phase3 - INFO - Using replay buffer from the DDQN agent.
2025-08-15 10:45:21,399 - monopoly_simulator.gameplay_socket_phase3 - INFO - Replay buffer stats: size=10000, capacity=10000
2025-08-15 10:45:21,399 - monopoly_simulator.gameplay_socket_phase3 - INFO - Average reward: -0.6964
2025-08-15 10:45:21,399 - monopoly_simulator.gameplay_socket_phase3 - INFO - Episode rewards: [-104.35310000000001, -119.29559999999996, -104.87695000000004, -156.86429999999993, -99.8657, -126.37515000000006, -105.39200000000002, -133.30859999999996, -79.735, -115.66939999999998, np.float64(-81.52719999999997), 12.668850000000134, -89.81550000000001, -100.74319999999999, -151.74280000000005, -110.82, -111.70589999999996, -117.01149999999998, 89.93520000000012, -125.54699999999998, -96.42830000000004, -151.04285000000002, -107.36940000000003, -112.88170000000002, -139.79359999999994, -51.3731, -128.44679999999994, -119.87400000000004, -105.16550000000001, -137.5221500000001, -111.85540000000006, -128.1848, -138.6171, -171.49150000000003, -118.25989999999997, -185.96550000000002, -132.2103, -133.0347999999999, -144.52120000000005, -118.50609999999999, 51.02620000000019, -147.5337499999999, -116.33599999999998, -220.23749999999987, -141.7848, -92.8985, -132.9437, -165.5204000000001, -134.70309999999998, -95.58679999999995, -86.1286, -94.72549999999997, -123.8390000000001, -94.2515, -118.68219999999998, -126.0247, -115.63000000000004, -96.90250000000003, -132.0924, -113.27990000000004, -249.9605000000002, -130.3794, -167.2097, -167.20749999999992, -79.89524999999998, np.float64(-223.27599999999998), -140.5759, -210.5251999999998]
2025-08-15 10:45:21,776 - monopoly_simulator.gameplay_socket_phase3 - INFO - Replay buffer saved to replay_buffer.pkl
2025-08-15 10:45:21,778 - monopoly_simulator.gameplay_socket_phase3 - INFO - Using replay buffer from the DDQN agent.
2025-08-15 10:45:30,613 - monopoly_simulator.gameplay_socket_phase3 - INFO - Replay buffer stats: size=10000, capacity=10000
2025-08-15 10:45:30,614 - monopoly_simulator.gameplay_socket_phase3 - INFO - Average reward: -0.6999
2025-08-15 10:45:30,614 - monopoly_simulator.gameplay_socket_phase3 - INFO - Episode rewards: [-104.35310000000001, -119.29559999999996, -104.87695000000004, -156.86429999999993, -99.8657, -126.37515000000006, -105.39200000000002, -133.30859999999996, -79.735, -115.66939999999998, np.float64(-81.52719999999997), 12.668850000000134, -89.81550000000001, -100.74319999999999, -151.74280000000005, -110.82, -111.70589999999996, -117.01149999999998, 89.93520000000012, -125.54699999999998, -96.42830000000004, -151.04285000000002, -107.36940000000003, -112.88170000000002, -139.79359999999994, -51.3731, -128.44679999999994, -119.87400000000004, -105.16550000000001, -137.5221500000001, -111.85540000000006, -128.1848, -138.6171, -171.49150000000003, -118.25989999999997, -185.96550000000002, -132.2103, -133.0347999999999, -144.52120000000005, -118.50609999999999, 51.02620000000019, -147.5337499999999, -116.33599999999998, -220.23749999999987, -141.7848, -92.8985, -132.9437, -165.5204000000001, -134.70309999999998, -95.58679999999995, -86.1286, -94.72549999999997, -123.8390000000001, -94.2515, -118.68219999999998, -126.0247, -115.63000000000004, -96.90250000000003, -132.0924, -113.27990000000004, -249.9605000000002, -130.3794, -167.2097, -167.20749999999992, -79.89524999999998, np.float64(-223.27599999999998), -140.5759, -210.5251999999998, -112.83405000000005]
2025-08-15 10:45:30,914 - monopoly_simulator.gameplay_socket_phase3 - INFO - Replay buffer saved to replay_buffer.pkl
2025-08-15 10:45:30,916 - monopoly_simulator.gameplay_socket_phase3 - INFO - Using replay buffer from the DDQN agent.
2025-08-15 10:45:42,132 - monopoly_simulator.gameplay_socket_phase3 - INFO - Replay buffer stats: size=10000, capacity=10000
2025-08-15 10:45:42,133 - monopoly_simulator.gameplay_socket_phase3 - INFO - Average reward: -0.7200
2025-08-15 10:45:42,133 - monopoly_simulator.gameplay_socket_phase3 - INFO - Episode rewards: [-104.35310000000001, -119.29559999999996, -104.87695000000004, -156.86429999999993, -99.8657, -126.37515000000006, -105.39200000000002, -133.30859999999996, -79.735, -115.66939999999998, np.float64(-81.52719999999997), 12.668850000000134, -89.81550000000001, -100.74319999999999, -151.74280000000005, -110.82, -111.70589999999996, -117.01149999999998, 89.93520000000012, -125.54699999999998, -96.42830000000004, -151.04285000000002, -107.36940000000003, -112.88170000000002, -139.79359999999994, -51.3731, -128.44679999999994, -119.87400000000004, -105.16550000000001, -137.5221500000001, -111.85540000000006, -128.1848, -138.6171, -171.49150000000003, -118.25989999999997, -185.96550000000002, -132.2103, -133.0347999999999, -144.52120000000005, -118.50609999999999, 51.02620000000019, -147.5337499999999, -116.33599999999998, -220.23749999999987, -141.7848, -92.8985, -132.9437, -165.5204000000001, -134.70309999999998, -95.58679999999995, -86.1286, -94.72549999999997, -123.8390000000001, -94.2515, -118.68219999999998, -126.0247, -115.63000000000004, -96.90250000000003, -132.0924, -113.27990000000004, -249.9605000000002, -130.3794, -167.2097, -167.20749999999992, -79.89524999999998, np.float64(-223.27599999999998), -140.5759, -210.5251999999998, -112.83405000000005, -184.10950000000005]
2025-08-15 10:45:42,462 - monopoly_simulator.gameplay_socket_phase3 - INFO - Replay buffer saved to replay_buffer.pkl
2025-08-15 10:45:42,464 - monopoly_simulator.gameplay_socket_phase3 - INFO - Using replay buffer from the DDQN agent.
2025-08-15 10:45:53,945 - monopoly_simulator.gameplay_socket_phase3 - INFO - Replay buffer stats: size=10000, capacity=10000
2025-08-15 10:45:53,946 - monopoly_simulator.gameplay_socket_phase3 - INFO - Average reward: -0.7184
2025-08-15 10:45:53,946 - monopoly_simulator.gameplay_socket_phase3 - INFO - Episode rewards: [-104.35310000000001, -119.29559999999996, -104.87695000000004, -156.86429999999993, -99.8657, -126.37515000000006, -105.39200000000002, -133.30859999999996, -79.735, -115.66939999999998, np.float64(-81.52719999999997), 12.668850000000134, -89.81550000000001, -100.74319999999999, -151.74280000000005, -110.82, -111.70589999999996, -117.01149999999998, 89.93520000000012, -125.54699999999998, -96.42830000000004, -151.04285000000002, -107.36940000000003, -112.88170000000002, -139.79359999999994, -51.3731, -128.44679999999994, -119.87400000000004, -105.16550000000001, -137.5221500000001, -111.85540000000006, -128.1848, -138.6171, -171.49150000000003, -118.25989999999997, -185.96550000000002, -132.2103, -133.0347999999999, -144.52120000000005, -118.50609999999999, 51.02620000000019, -147.5337499999999, -116.33599999999998, -220.23749999999987, -141.7848, -92.8985, -132.9437, -165.5204000000001, -134.70309999999998, -95.58679999999995, -86.1286, -94.72549999999997, -123.8390000000001, -94.2515, -118.68219999999998, -126.0247, -115.63000000000004, -96.90250000000003, -132.0924, -113.27990000000004, -249.9605000000002, -130.3794, -167.2097, -167.20749999999992, -79.89524999999998, np.float64(-223.27599999999998), -140.5759, -210.5251999999998, -112.83405000000005, -184.10950000000005, -184.94430000000003]
2025-08-15 10:45:54,269 - monopoly_simulator.gameplay_socket_phase3 - INFO - Replay buffer saved to replay_buffer.pkl
2025-08-15 10:45:54,271 - monopoly_simulator.gameplay_socket_phase3 - INFO - Using replay buffer from the DDQN agent.
2025-08-15 10:46:00,658 - monopoly_simulator.gameplay_socket_phase3 - INFO - Replay buffer stats: size=10000, capacity=10000
2025-08-15 10:46:00,658 - monopoly_simulator.gameplay_socket_phase3 - INFO - Average reward: -0.7223
2025-08-15 10:46:00,658 - monopoly_simulator.gameplay_socket_phase3 - INFO - Episode rewards: [-104.35310000000001, -119.29559999999996, -104.87695000000004, -156.86429999999993, -99.8657, -126.37515000000006, -105.39200000000002, -133.30859999999996, -79.735, -115.66939999999998, np.float64(-81.52719999999997), 12.668850000000134, -89.81550000000001, -100.74319999999999, -151.74280000000005, -110.82, -111.70589999999996, -117.01149999999998, 89.93520000000012, -125.54699999999998, -96.42830000000004, -151.04285000000002, -107.36940000000003, -112.88170000000002, -139.79359999999994, -51.3731, -128.44679999999994, -119.87400000000004, -105.16550000000001, -137.5221500000001, -111.85540000000006, -128.1848, -138.6171, -171.49150000000003, -118.25989999999997, -185.96550000000002, -132.2103, -133.0347999999999, -144.52120000000005, -118.50609999999999, 51.02620000000019, -147.5337499999999, -116.33599999999998, -220.23749999999987, -141.7848, -92.8985, -132.9437, -165.5204000000001, -134.70309999999998, -95.58679999999995, -86.1286, -94.72549999999997, -123.8390000000001, -94.2515, -118.68219999999998, -126.0247, -115.63000000000004, -96.90250000000003, -132.0924, -113.27990000000004, -249.9605000000002, -130.3794, -167.2097, -167.20749999999992, -79.89524999999998, np.float64(-223.27599999999998), -140.5759, -210.5251999999998, -112.83405000000005, -184.10950000000005, -184.94430000000003, -114.88625000000005]
2025-08-15 10:46:01,008 - monopoly_simulator.gameplay_socket_phase3 - INFO - Replay buffer saved to replay_buffer.pkl
2025-08-15 10:46:01,010 - monopoly_simulator.gameplay_socket_phase3 - INFO - Using replay buffer from the DDQN agent.
2025-08-15 10:46:13,699 - monopoly_simulator.gameplay_socket_phase3 - INFO - Replay buffer stats: size=10000, capacity=10000
2025-08-15 10:46:13,699 - monopoly_simulator.gameplay_socket_phase3 - INFO - Average reward: -0.7204
2025-08-15 10:46:13,699 - monopoly_simulator.gameplay_socket_phase3 - INFO - Episode rewards: [-104.35310000000001, -119.29559999999996, -104.87695000000004, -156.86429999999993, -99.8657, -126.37515000000006, -105.39200000000002, -133.30859999999996, -79.735, -115.66939999999998, np.float64(-81.52719999999997), 12.668850000000134, -89.81550000000001, -100.74319999999999, -151.74280000000005, -110.82, -111.70589999999996, -117.01149999999998, 89.93520000000012, -125.54699999999998, -96.42830000000004, -151.04285000000002, -107.36940000000003, -112.88170000000002, -139.79359999999994, -51.3731, -128.44679999999994, -119.87400000000004, -105.16550000000001, -137.5221500000001, -111.85540000000006, -128.1848, -138.6171, -171.49150000000003, -118.25989999999997, -185.96550000000002, -132.2103, -133.0347999999999, -144.52120000000005, -118.50609999999999, 51.02620000000019, -147.5337499999999, -116.33599999999998, -220.23749999999987, -141.7848, -92.8985, -132.9437, -165.5204000000001, -134.70309999999998, -95.58679999999995, -86.1286, -94.72549999999997, -123.8390000000001, -94.2515, -118.68219999999998, -126.0247, -115.63000000000004, -96.90250000000003, -132.0924, -113.27990000000004, -249.9605000000002, -130.3794, -167.2097, -167.20749999999992, -79.89524999999998, np.float64(-223.27599999999998), -140.5759, -210.5251999999998, -112.83405000000005, -184.10950000000005, -184.94430000000003, -114.88625000000005, -167.91789999999992]
2025-08-15 10:46:14,168 - monopoly_simulator.gameplay_socket_phase3 - INFO - Replay buffer saved to replay_buffer.pkl
2025-08-15 10:46:14,198 - monopoly_simulator.gameplay_socket_phase3 - INFO - Using replay buffer from the DDQN agent.
2025-08-15 10:46:21,599 - monopoly_simulator.gameplay_socket_phase3 - INFO - Replay buffer stats: size=10000, capacity=10000
2025-08-15 10:46:21,599 - monopoly_simulator.gameplay_socket_phase3 - INFO - Average reward: -0.7206
2025-08-15 10:46:21,599 - monopoly_simulator.gameplay_socket_phase3 - INFO - Episode rewards: [-104.35310000000001, -119.29559999999996, -104.87695000000004, -156.86429999999993, -99.8657, -126.37515000000006, -105.39200000000002, -133.30859999999996, -79.735, -115.66939999999998, np.float64(-81.52719999999997), 12.668850000000134, -89.81550000000001, -100.74319999999999, -151.74280000000005, -110.82, -111.70589999999996, -117.01149999999998, 89.93520000000012, -125.54699999999998, -96.42830000000004, -151.04285000000002, -107.36940000000003, -112.88170000000002, -139.79359999999994, -51.3731, -128.44679999999994, -119.87400000000004, -105.16550000000001, -137.5221500000001, -111.85540000000006, -128.1848, -138.6171, -171.49150000000003, -118.25989999999997, -185.96550000000002, -132.2103, -133.0347999999999, -144.52120000000005, -118.50609999999999, 51.02620000000019, -147.5337499999999, -116.33599999999998, -220.23749999999987, -141.7848, -92.8985, -132.9437, -165.5204000000001, -134.70309999999998, -95.58679999999995, -86.1286, -94.72549999999997, -123.8390000000001, -94.2515, -118.68219999999998, -126.0247, -115.63000000000004, -96.90250000000003, -132.0924, -113.27990000000004, -249.9605000000002, -130.3794, -167.2097, -167.20749999999992, -79.89524999999998, np.float64(-223.27599999999998), -140.5759, -210.5251999999998, -112.83405000000005, -184.10950000000005, -184.94430000000003, -114.88625000000005, -167.91789999999992, -123.0688]
2025-08-15 10:46:21,971 - monopoly_simulator.gameplay_socket_phase3 - INFO - Replay buffer saved to replay_buffer.pkl
2025-08-15 10:48:31,104 - monopoly_simulator.gameplay_socket_phase3 - INFO - Using replay buffer from the DDQN agent.
2025-08-15 10:48:37,077 - monopoly_simulator.gameplay_socket_phase3 - INFO - Replay buffer stats: size=10000, capacity=10000
2025-08-15 10:48:37,077 - monopoly_simulator.gameplay_socket_phase3 - INFO - Average reward: -0.7209
2025-08-15 10:48:37,077 - monopoly_simulator.gameplay_socket_phase3 - INFO - Episode rewards: [-104.35310000000001, -119.29559999999996, -104.87695000000004, -156.86429999999993, -99.8657, -126.37515000000006, -105.39200000000002, -133.30859999999996, -79.735, -115.66939999999998, np.float64(-81.52719999999997), 12.668850000000134, -89.81550000000001, -100.74319999999999, -151.74280000000005, -110.82, -111.70589999999996, -117.01149999999998, 89.93520000000012, -125.54699999999998, -96.42830000000004, -151.04285000000002, -107.36940000000003, -112.88170000000002, -139.79359999999994, -51.3731, -128.44679999999994, -119.87400000000004, -105.16550000000001, -137.5221500000001, -111.85540000000006, -128.1848, -138.6171, -171.49150000000003, -118.25989999999997, -185.96550000000002, -132.2103, -133.0347999999999, -144.52120000000005, -118.50609999999999, 51.02620000000019, -147.5337499999999, -116.33599999999998, -220.23749999999987, -141.7848, -92.8985, -132.9437, -165.5204000000001, -134.70309999999998, -95.58679999999995, -86.1286, -94.72549999999997, -123.8390000000001, -94.2515, -118.68219999999998, -126.0247, -115.63000000000004, -96.90250000000003, -132.0924, -113.27990000000004, -249.9605000000002, -130.3794, -167.2097, -167.20749999999992, -79.89524999999998, np.float64(-223.27599999999998), -140.5759, -210.5251999999998, -112.83405000000005, -184.10950000000005, -184.94430000000003, -114.88625000000005, -167.91789999999992, -123.0688, -80.5988]
2025-08-15 10:48:37,511 - monopoly_simulator.gameplay_socket_phase3 - INFO - Replay buffer saved to replay_buffer.pkl
2025-08-15 10:48:38,221 - monopoly_simulator.gameplay_socket_phase3 - INFO - Using replay buffer from the DDQN agent.
2025-08-15 10:49:13,730 - monopoly_simulator.gameplay_socket_phase3 - INFO - Using replay buffer from the DDQN agent.
2025-08-15 10:49:29,294 - monopoly_simulator.gameplay_socket_phase3 - INFO - Replay buffer stats: size=10000, capacity=10000
2025-08-15 10:49:29,295 - monopoly_simulator.gameplay_socket_phase3 - INFO - Average reward: -0.7575
2025-08-15 10:49:29,295 - monopoly_simulator.gameplay_socket_phase3 - INFO - Episode rewards: [-104.35310000000001, -119.29559999999996, -104.87695000000004, -156.86429999999993, -99.8657, -126.37515000000006, -105.39200000000002, -133.30859999999996, -79.735, -115.66939999999998, np.float64(-81.52719999999997), 12.668850000000134, -89.81550000000001, -100.74319999999999, -151.74280000000005, -110.82, -111.70589999999996, -117.01149999999998, 89.93520000000012, -125.54699999999998, -96.42830000000004, -151.04285000000002, -107.36940000000003, -112.88170000000002, -139.79359999999994, -51.3731, -128.44679999999994, -119.87400000000004, -105.16550000000001, -137.5221500000001, -111.85540000000006, -128.1848, -138.6171, -171.49150000000003, -118.25989999999997, -185.96550000000002, -132.2103, -133.0347999999999, -144.52120000000005, -118.50609999999999, 51.02620000000019, -147.5337499999999, -116.33599999999998, -220.23749999999987, -141.7848, -92.8985, -132.9437, -165.5204000000001, -134.70309999999998, -95.58679999999995, -86.1286, -94.72549999999997, -123.8390000000001, -94.2515, -118.68219999999998, -126.0247, -115.63000000000004, -96.90250000000003, -132.0924, -113.27990000000004, -249.9605000000002, -130.3794, -167.2097, -167.20749999999992, -79.89524999999998, np.float64(-223.27599999999998), -140.5759, -210.5251999999998, -112.83405000000005, -184.10950000000005, -184.94430000000003, -114.88625000000005, -167.91789999999992, -123.0688, -80.5988, -127.37574999999997]
2025-08-15 10:49:29,763 - monopoly_simulator.gameplay_socket_phase3 - INFO - Replay buffer saved to replay_buffer.pkl
2025-08-15 10:49:30,485 - monopoly_simulator.gameplay_socket_phase3 - INFO - Using replay buffer from the DDQN agent.
2025-08-15 10:49:37,666 - monopoly_simulator.gameplay_socket_phase3 - INFO - Replay buffer stats: size=10000, capacity=10000
2025-08-15 10:49:37,667 - monopoly_simulator.gameplay_socket_phase3 - INFO - Average reward: -0.7548
2025-08-15 10:49:37,667 - monopoly_simulator.gameplay_socket_phase3 - INFO - Episode rewards: [-104.35310000000001, -119.29559999999996, -104.87695000000004, -156.86429999999993, -99.8657, -126.37515000000006, -105.39200000000002, -133.30859999999996, -79.735, -115.66939999999998, np.float64(-81.52719999999997), 12.668850000000134, -89.81550000000001, -100.74319999999999, -151.74280000000005, -110.82, -111.70589999999996, -117.01149999999998, 89.93520000000012, -125.54699999999998, -96.42830000000004, -151.04285000000002, -107.36940000000003, -112.88170000000002, -139.79359999999994, -51.3731, -128.44679999999994, -119.87400000000004, -105.16550000000001, -137.5221500000001, -111.85540000000006, -128.1848, -138.6171, -171.49150000000003, -118.25989999999997, -185.96550000000002, -132.2103, -133.0347999999999, -144.52120000000005, -118.50609999999999, 51.02620000000019, -147.5337499999999, -116.33599999999998, -220.23749999999987, -141.7848, -92.8985, -132.9437, -165.5204000000001, -134.70309999999998, -95.58679999999995, -86.1286, -94.72549999999997, -123.8390000000001, -94.2515, -118.68219999999998, -126.0247, -115.63000000000004, -96.90250000000003, -132.0924, -113.27990000000004, -249.9605000000002, -130.3794, -167.2097, -167.20749999999992, -79.89524999999998, np.float64(-223.27599999999998), -140.5759, -210.5251999999998, -112.83405000000005, -184.10950000000005, -184.94430000000003, -114.88625000000005, -167.91789999999992, -123.0688, -80.5988, -127.37574999999997, -131.33884999999998]
2025-08-15 10:49:38,063 - monopoly_simulator.gameplay_socket_phase3 - INFO - Replay buffer saved to replay_buffer.pkl
2025-08-15 10:49:38,672 - monopoly_simulator.gameplay_socket_phase3 - INFO - Using replay buffer from the DDQN agent.
2025-08-15 10:49:52,099 - monopoly_simulator.gameplay_socket_phase3 - INFO - Replay buffer stats: size=10000, capacity=10000
2025-08-15 10:49:52,100 - monopoly_simulator.gameplay_socket_phase3 - INFO - Average reward: -0.7748
2025-08-15 10:49:52,100 - monopoly_simulator.gameplay_socket_phase3 - INFO - Episode rewards: [-104.35310000000001, -119.29559999999996, -104.87695000000004, -156.86429999999993, -99.8657, -126.37515000000006, -105.39200000000002, -133.30859999999996, -79.735, -115.66939999999998, np.float64(-81.52719999999997), 12.668850000000134, -89.81550000000001, -100.74319999999999, -151.74280000000005, -110.82, -111.70589999999996, -117.01149999999998, 89.93520000000012, -125.54699999999998, -96.42830000000004, -151.04285000000002, -107.36940000000003, -112.88170000000002, -139.79359999999994, -51.3731, -128.44679999999994, -119.87400000000004, -105.16550000000001, -137.5221500000001, -111.85540000000006, -128.1848, -138.6171, -171.49150000000003, -118.25989999999997, -185.96550000000002, -132.2103, -133.0347999999999, -144.52120000000005, -118.50609999999999, 51.02620000000019, -147.5337499999999, -116.33599999999998, -220.23749999999987, -141.7848, -92.8985, -132.9437, -165.5204000000001, -134.70309999999998, -95.58679999999995, -86.1286, -94.72549999999997, -123.8390000000001, -94.2515, -118.68219999999998, -126.0247, -115.63000000000004, -96.90250000000003, -132.0924, -113.27990000000004, -249.9605000000002, -130.3794, -167.2097, -167.20749999999992, -79.89524999999998, np.float64(-223.27599999999998), -140.5759, -210.5251999999998, -112.83405000000005, -184.10950000000005, -184.94430000000003, -114.88625000000005, -167.91789999999992, -123.0688, -80.5988, -127.37574999999997, -131.33884999999998, -134.47519999999997]
2025-08-15 10:49:52,504 - monopoly_simulator.gameplay_socket_phase3 - INFO - Replay buffer saved to replay_buffer.pkl
2025-08-15 10:49:53,861 - monopoly_simulator.gameplay_socket_phase3 - INFO - Using replay buffer from the DDQN agent.
2025-08-15 10:51:08,187 - monopoly_simulator.gameplay_socket_phase3 - INFO - Replay buffer stats: size=10000, capacity=10000
2025-08-15 10:51:08,187 - monopoly_simulator.gameplay_socket_phase3 - INFO - Average reward: -0.5646
2025-08-15 10:51:08,188 - monopoly_simulator.gameplay_socket_phase3 - INFO - Episode rewards: [-104.35310000000001, -119.29559999999996, -104.87695000000004, -156.86429999999993, -99.8657, -126.37515000000006, -105.39200000000002, -133.30859999999996, -79.735, -115.66939999999998, np.float64(-81.52719999999997), 12.668850000000134, -89.81550000000001, -100.74319999999999, -151.74280000000005, -110.82, -111.70589999999996, -117.01149999999998, 89.93520000000012, -125.54699999999998, -96.42830000000004, -151.04285000000002, -107.36940000000003, -112.88170000000002, -139.79359999999994, -51.3731, -128.44679999999994, -119.87400000000004, -105.16550000000001, -137.5221500000001, -111.85540000000006, -128.1848, -138.6171, -171.49150000000003, -118.25989999999997, -185.96550000000002, -132.2103, -133.0347999999999, -144.52120000000005, -118.50609999999999, 51.02620000000019, -147.5337499999999, -116.33599999999998, -220.23749999999987, -141.7848, -92.8985, -132.9437, -165.5204000000001, -134.70309999999998, -95.58679999999995, -86.1286, -94.72549999999997, -123.8390000000001, -94.2515, -118.68219999999998, -126.0247, -115.63000000000004, -96.90250000000003, -132.0924, -113.27990000000004, -249.9605000000002, -130.3794, -167.2097, -167.20749999999992, -79.89524999999998, np.float64(-223.27599999999998), -140.5759, -210.5251999999998, -112.83405000000005, -184.10950000000005, -184.94430000000003, -114.88625000000005, -167.91789999999992, -123.0688, -80.5988, -127.37574999999997, -131.33884999999998, -134.47519999999997, np.float64(1533.8377999999989)]
2025-08-15 10:51:08,743 - monopoly_simulator.gameplay_socket_phase3 - INFO - Replay buffer saved to replay_buffer.pkl
2025-08-15 10:51:08,745 - monopoly_simulator.gameplay_socket_phase3 - INFO - Using replay buffer from the DDQN agent.
2025-08-15 10:51:18,281 - monopoly_simulator.gameplay_socket_phase3 - INFO - Replay buffer stats: size=10000, capacity=10000
2025-08-15 10:51:18,281 - monopoly_simulator.gameplay_socket_phase3 - INFO - Average reward: -0.5584
2025-08-15 10:51:18,281 - monopoly_simulator.gameplay_socket_phase3 - INFO - Episode rewards: [-104.35310000000001, -119.29559999999996, -104.87695000000004, -156.86429999999993, -99.8657, -126.37515000000006, -105.39200000000002, -133.30859999999996, -79.735, -115.66939999999998, np.float64(-81.52719999999997), 12.668850000000134, -89.81550000000001, -100.74319999999999, -151.74280000000005, -110.82, -111.70589999999996, -117.01149999999998, 89.93520000000012, -125.54699999999998, -96.42830000000004, -151.04285000000002, -107.36940000000003, -112.88170000000002, -139.79359999999994, -51.3731, -128.44679999999994, -119.87400000000004, -105.16550000000001, -137.5221500000001, -111.85540000000006, -128.1848, -138.6171, -171.49150000000003, -118.25989999999997, -185.96550000000002, -132.2103, -133.0347999999999, -144.52120000000005, -118.50609999999999, 51.02620000000019, -147.5337499999999, -116.33599999999998, -220.23749999999987, -141.7848, -92.8985, -132.9437, -165.5204000000001, -134.70309999999998, -95.58679999999995, -86.1286, -94.72549999999997, -123.8390000000001, -94.2515, -118.68219999999998, -126.0247, -115.63000000000004, -96.90250000000003, -132.0924, -113.27990000000004, -249.9605000000002, -130.3794, -167.2097, -167.20749999999992, -79.89524999999998, np.float64(-223.27599999999998), -140.5759, -210.5251999999998, -112.83405000000005, -184.10950000000005, -184.94430000000003, -114.88625000000005, -167.91789999999992, -123.0688, -80.5988, -127.37574999999997, -131.33884999999998, -134.47519999999997, np.float64(1533.8377999999989), -168.55109999999996]
2025-08-15 10:51:18,588 - monopoly_simulator.gameplay_socket_phase3 - INFO - Replay buffer saved to replay_buffer.pkl
2025-08-15 10:51:18,591 - monopoly_simulator.gameplay_socket_phase3 - INFO - Using replay buffer from the DDQN agent.
2025-08-15 10:51:36,359 - monopoly_simulator.gameplay_socket_phase3 - INFO - Replay buffer stats: size=10000, capacity=10000
2025-08-15 10:51:36,359 - monopoly_simulator.gameplay_socket_phase3 - INFO - Average reward: -0.5780
2025-08-15 10:51:36,359 - monopoly_simulator.gameplay_socket_phase3 - INFO - Episode rewards: [-104.35310000000001, -119.29559999999996, -104.87695000000004, -156.86429999999993, -99.8657, -126.37515000000006, -105.39200000000002, -133.30859999999996, -79.735, -115.66939999999998, np.float64(-81.52719999999997), 12.668850000000134, -89.81550000000001, -100.74319999999999, -151.74280000000005, -110.82, -111.70589999999996, -117.01149999999998, 89.93520000000012, -125.54699999999998, -96.42830000000004, -151.04285000000002, -107.36940000000003, -112.88170000000002, -139.79359999999994, -51.3731, -128.44679999999994, -119.87400000000004, -105.16550000000001, -137.5221500000001, -111.85540000000006, -128.1848, -138.6171, -171.49150000000003, -118.25989999999997, -185.96550000000002, -132.2103, -133.0347999999999, -144.52120000000005, -118.50609999999999, 51.02620000000019, -147.5337499999999, -116.33599999999998, -220.23749999999987, -141.7848, -92.8985, -132.9437, -165.5204000000001, -134.70309999999998, -95.58679999999995, -86.1286, -94.72549999999997, -123.8390000000001, -94.2515, -118.68219999999998, -126.0247, -115.63000000000004, -96.90250000000003, -132.0924, -113.27990000000004, -249.9605000000002, -130.3794, -167.2097, -167.20749999999992, -79.89524999999998, np.float64(-223.27599999999998), -140.5759, -210.5251999999998, -112.83405000000005, -184.10950000000005, -184.94430000000003, -114.88625000000005, -167.91789999999992, -123.0688, -80.5988, -127.37574999999997, -131.33884999999998, -134.47519999999997, np.float64(1533.8377999999989), -168.55109999999996, -171.28389999999993]
2025-08-15 10:51:36,853 - monopoly_simulator.gameplay_socket_phase3 - INFO - Replay buffer saved to replay_buffer.pkl
2025-08-15 10:51:36,856 - monopoly_simulator.gameplay_socket_phase3 - INFO - Using replay buffer from the DDQN agent.
2025-08-15 10:51:43,552 - monopoly_simulator.gameplay_socket_phase3 - INFO - Replay buffer stats: size=10000, capacity=10000
2025-08-15 10:51:43,552 - monopoly_simulator.gameplay_socket_phase3 - INFO - Average reward: -0.5858
2025-08-15 10:51:43,552 - monopoly_simulator.gameplay_socket_phase3 - INFO - Episode rewards: [-104.35310000000001, -119.29559999999996, -104.87695000000004, -156.86429999999993, -99.8657, -126.37515000000006, -105.39200000000002, -133.30859999999996, -79.735, -115.66939999999998, np.float64(-81.52719999999997), 12.668850000000134, -89.81550000000001, -100.74319999999999, -151.74280000000005, -110.82, -111.70589999999996, -117.01149999999998, 89.93520000000012, -125.54699999999998, -96.42830000000004, -151.04285000000002, -107.36940000000003, -112.88170000000002, -139.79359999999994, -51.3731, -128.44679999999994, -119.87400000000004, -105.16550000000001, -137.5221500000001, -111.85540000000006, -128.1848, -138.6171, -171.49150000000003, -118.25989999999997, -185.96550000000002, -132.2103, -133.0347999999999, -144.52120000000005, -118.50609999999999, 51.02620000000019, -147.5337499999999, -116.33599999999998, -220.23749999999987, -141.7848, -92.8985, -132.9437, -165.5204000000001, -134.70309999999998, -95.58679999999995, -86.1286, -94.72549999999997, -123.8390000000001, -94.2515, -118.68219999999998, -126.0247, -115.63000000000004, -96.90250000000003, -132.0924, -113.27990000000004, -249.9605000000002, -130.3794, -167.2097, -167.20749999999992, -79.89524999999998, np.float64(-223.27599999999998), -140.5759, -210.5251999999998, -112.83405000000005, -184.10950000000005, -184.94430000000003, -114.88625000000005, -167.91789999999992, -123.0688, -80.5988, -127.37574999999997, -131.33884999999998, -134.47519999999997, np.float64(1533.8377999999989), -168.55109999999996, -171.28389999999993, -106.45849999999993]
2025-08-15 10:51:43,997 - monopoly_simulator.gameplay_socket_phase3 - INFO - Replay buffer saved to replay_buffer.pkl
2025-08-15 10:51:43,999 - monopoly_simulator.gameplay_socket_phase3 - INFO - Using replay buffer from the DDQN agent.
2025-08-15 10:53:27,492 - monopoly_simulator.gameplay_socket_phase3 - INFO - Using replay buffer from the DDQN agent.
2025-08-15 10:53:36,523 - monopoly_simulator.gameplay_socket_phase3 - INFO - Replay buffer stats: size=10000, capacity=10000
2025-08-15 10:53:36,523 - monopoly_simulator.gameplay_socket_phase3 - INFO - Average reward: -0.5890
2025-08-15 10:53:36,523 - monopoly_simulator.gameplay_socket_phase3 - INFO - Episode rewards: [-104.35310000000001, -119.29559999999996, -104.87695000000004, -156.86429999999993, -99.8657, -126.37515000000006, -105.39200000000002, -133.30859999999996, -79.735, -115.66939999999998, np.float64(-81.52719999999997), 12.668850000000134, -89.81550000000001, -100.74319999999999, -151.74280000000005, -110.82, -111.70589999999996, -117.01149999999998, 89.93520000000012, -125.54699999999998, -96.42830000000004, -151.04285000000002, -107.36940000000003, -112.88170000000002, -139.79359999999994, -51.3731, -128.44679999999994, -119.87400000000004, -105.16550000000001, -137.5221500000001, -111.85540000000006, -128.1848, -138.6171, -171.49150000000003, -118.25989999999997, -185.96550000000002, -132.2103, -133.0347999999999, -144.52120000000005, -118.50609999999999, 51.02620000000019, -147.5337499999999, -116.33599999999998, -220.23749999999987, -141.7848, -92.8985, -132.9437, -165.5204000000001, -134.70309999999998, -95.58679999999995, -86.1286, -94.72549999999997, -123.8390000000001, -94.2515, -118.68219999999998, -126.0247, -115.63000000000004, -96.90250000000003, -132.0924, -113.27990000000004, -249.9605000000002, -130.3794, -167.2097, -167.20749999999992, -79.89524999999998, np.float64(-223.27599999999998), -140.5759, -210.5251999999998, -112.83405000000005, -184.10950000000005, -184.94430000000003, -114.88625000000005, -167.91789999999992, -123.0688, -80.5988, -127.37574999999997, -131.33884999999998, -134.47519999999997, np.float64(1533.8377999999989), -168.55109999999996, -171.28389999999993, -106.45849999999993, -97.99469999999997]
2025-08-15 10:53:37,294 - monopoly_simulator.gameplay_socket_phase3 - INFO - Replay buffer saved to replay_buffer.pkl
2025-08-15 10:53:38,182 - monopoly_simulator.gameplay_socket_phase3 - INFO - Using replay buffer from the DDQN agent.
2025-08-15 10:53:43,474 - monopoly_simulator.gameplay_socket_phase3 - INFO - Replay buffer stats: size=10000, capacity=10000
2025-08-15 10:53:43,474 - monopoly_simulator.gameplay_socket_phase3 - INFO - Average reward: -0.6000
2025-08-15 10:53:43,474 - monopoly_simulator.gameplay_socket_phase3 - INFO - Episode rewards: [-104.35310000000001, -119.29559999999996, -104.87695000000004, -156.86429999999993, -99.8657, -126.37515000000006, -105.39200000000002, -133.30859999999996, -79.735, -115.66939999999998, np.float64(-81.52719999999997), 12.668850000000134, -89.81550000000001, -100.74319999999999, -151.74280000000005, -110.82, -111.70589999999996, -117.01149999999998, 89.93520000000012, -125.54699999999998, -96.42830000000004, -151.04285000000002, -107.36940000000003, -112.88170000000002, -139.79359999999994, -51.3731, -128.44679999999994, -119.87400000000004, -105.16550000000001, -137.5221500000001, -111.85540000000006, -128.1848, -138.6171, -171.49150000000003, -118.25989999999997, -185.96550000000002, -132.2103, -133.0347999999999, -144.52120000000005, -118.50609999999999, 51.02620000000019, -147.5337499999999, -116.33599999999998, -220.23749999999987, -141.7848, -92.8985, -132.9437, -165.5204000000001, -134.70309999999998, -95.58679999999995, -86.1286, -94.72549999999997, -123.8390000000001, -94.2515, -118.68219999999998, -126.0247, -115.63000000000004, -96.90250000000003, -132.0924, -113.27990000000004, -249.9605000000002, -130.3794, -167.2097, -167.20749999999992, -79.89524999999998, np.float64(-223.27599999999998), -140.5759, -210.5251999999998, -112.83405000000005, -184.10950000000005, -184.94430000000003, -114.88625000000005, -167.91789999999992, -123.0688, -80.5988, -127.37574999999997, -131.33884999999998, -134.47519999999997, np.float64(1533.8377999999989), -168.55109999999996, -171.28389999999993, -106.45849999999993, -97.99469999999997, -87.66020000000002]
2025-08-15 10:53:43,997 - monopoly_simulator.gameplay_socket_phase3 - INFO - Replay buffer saved to replay_buffer.pkl
2025-08-15 10:53:44,898 - monopoly_simulator.gameplay_socket_phase3 - INFO - Using replay buffer from the DDQN agent.
2025-08-15 10:53:50,206 - monopoly_simulator.gameplay_socket_phase3 - INFO - Replay buffer stats: size=10000, capacity=10000
2025-08-15 10:53:50,206 - monopoly_simulator.gameplay_socket_phase3 - INFO - Average reward: -0.6055
2025-08-15 10:53:50,206 - monopoly_simulator.gameplay_socket_phase3 - INFO - Episode rewards: [-104.35310000000001, -119.29559999999996, -104.87695000000004, -156.86429999999993, -99.8657, -126.37515000000006, -105.39200000000002, -133.30859999999996, -79.735, -115.66939999999998, np.float64(-81.52719999999997), 12.668850000000134, -89.81550000000001, -100.74319999999999, -151.74280000000005, -110.82, -111.70589999999996, -117.01149999999998, 89.93520000000012, -125.54699999999998, -96.42830000000004, -151.04285000000002, -107.36940000000003, -112.88170000000002, -139.79359999999994, -51.3731, -128.44679999999994, -119.87400000000004, -105.16550000000001, -137.5221500000001, -111.85540000000006, -128.1848, -138.6171, -171.49150000000003, -118.25989999999997, -185.96550000000002, -132.2103, -133.0347999999999, -144.52120000000005, -118.50609999999999, 51.02620000000019, -147.5337499999999, -116.33599999999998, -220.23749999999987, -141.7848, -92.8985, -132.9437, -165.5204000000001, -134.70309999999998, -95.58679999999995, -86.1286, -94.72549999999997, -123.8390000000001, -94.2515, -118.68219999999998, -126.0247, -115.63000000000004, -96.90250000000003, -132.0924, -113.27990000000004, -249.9605000000002, -130.3794, -167.2097, -167.20749999999992, -79.89524999999998, np.float64(-223.27599999999998), -140.5759, -210.5251999999998, -112.83405000000005, -184.10950000000005, -184.94430000000003, -114.88625000000005, -167.91789999999992, -123.0688, -80.5988, -127.37574999999997, -131.33884999999998, -134.47519999999997, np.float64(1533.8377999999989), -168.55109999999996, -171.28389999999993, -106.45849999999993, -97.99469999999997, -87.66020000000002, -86.70000000000002]
2025-08-15 10:53:50,698 - monopoly_simulator.gameplay_socket_phase3 - INFO - Replay buffer saved to replay_buffer.pkl
2025-08-15 10:53:52,479 - monopoly_simulator.gameplay_socket_phase3 - INFO - Using replay buffer from the DDQN agent.
2025-08-15 10:54:00,110 - monopoly_simulator.gameplay_socket_phase3 - INFO - Replay buffer stats: size=10000, capacity=10000
2025-08-15 10:54:00,111 - monopoly_simulator.gameplay_socket_phase3 - INFO - Average reward: -0.5967
2025-08-15 10:54:00,111 - monopoly_simulator.gameplay_socket_phase3 - INFO - Episode rewards: [-104.35310000000001, -119.29559999999996, -104.87695000000004, -156.86429999999993, -99.8657, -126.37515000000006, -105.39200000000002, -133.30859999999996, -79.735, -115.66939999999998, np.float64(-81.52719999999997), 12.668850000000134, -89.81550000000001, -100.74319999999999, -151.74280000000005, -110.82, -111.70589999999996, -117.01149999999998, 89.93520000000012, -125.54699999999998, -96.42830000000004, -151.04285000000002, -107.36940000000003, -112.88170000000002, -139.79359999999994, -51.3731, -128.44679999999994, -119.87400000000004, -105.16550000000001, -137.5221500000001, -111.85540000000006, -128.1848, -138.6171, -171.49150000000003, -118.25989999999997, -185.96550000000002, -132.2103, -133.0347999999999, -144.52120000000005, -118.50609999999999, 51.02620000000019, -147.5337499999999, -116.33599999999998, -220.23749999999987, -141.7848, -92.8985, -132.9437, -165.5204000000001, -134.70309999999998, -95.58679999999995, -86.1286, -94.72549999999997, -123.8390000000001, -94.2515, -118.68219999999998, -126.0247, -115.63000000000004, -96.90250000000003, -132.0924, -113.27990000000004, -249.9605000000002, -130.3794, -167.2097, -167.20749999999992, -79.89524999999998, np.float64(-223.27599999999998), -140.5759, -210.5251999999998, -112.83405000000005, -184.10950000000005, -184.94430000000003, -114.88625000000005, -167.91789999999992, -123.0688, -80.5988, -127.37574999999997, -131.33884999999998, -134.47519999999997, np.float64(1533.8377999999989), -168.55109999999996, -171.28389999999993, -106.45849999999993, -97.99469999999997, -87.66020000000002, -86.70000000000002, np.float64(-61.480199999999996)]
2025-08-15 10:54:00,654 - monopoly_simulator.gameplay_socket_phase3 - INFO - Replay buffer saved to replay_buffer.pkl
2025-08-15 10:54:00,656 - monopoly_simulator.gameplay_socket_phase3 - INFO - Using replay buffer from the DDQN agent.
