2025-04-10 18:36:26,573 - monopoly_simulator.replay_buffer_module - DEBUG - get_action_index: Using player's stored last_action_idx: 2931
2025-04-10 18:36:26,579 - monopoly_simulator.replay_buffer_module - DEBUG - Added transition to buffer with action 2931. Buffer size: 1/100000
2025-04-10 18:36:27,769 - monopoly_simulator.replay_buffer_module - DEBUG - get_action_index: Using player's stored last_action_idx: 2932
2025-04-10 18:36:27,776 - monopoly_simulator.replay_buffer_module - DEBUG - Added transition to buffer with action 2932. Buffer size: 2/100000
2025-04-10 18:36:28,836 - monopoly_simulator.replay_buffer_module - DEBUG - get_action_index: Using player's stored last_action_idx: 2932
2025-04-10 18:36:28,844 - monopoly_simulator.replay_buffer_module - DEBUG - Added transition to buffer with action 2932. Buffer size: 3/100000
2025-04-10 18:36:29,983 - monopoly_simulator.replay_buffer_module - DEBUG - get_action_index: Using player's stored last_action_idx: 2932
2025-04-10 18:36:29,995 - monopoly_simulator.replay_buffer_module - DEBUG - Added transition to buffer with action 2932. Buffer size: 4/100000
2025-04-10 18:36:31,395 - monopoly_simulator.replay_buffer_module - DEBUG - get_action_index: Using player's stored last_action_idx: 2932
2025-04-10 18:36:31,400 - monopoly_simulator.replay_buffer_module - DEBUG - Added transition to buffer with action 2932. Buffer size: 5/100000
2025-04-10 18:36:31,068 - monopoly_simulator.replay_buffer_module - DEBUG - get_action_index: Using player's stored last_action_idx: 2901
2025-04-10 18:36:31,077 - monopoly_simulator.replay_buffer_module - DEBUG - Added transition to buffer with action 2901. Buffer size: 6/100000
2025-04-10 18:36:32,654 - monopoly_simulator.replay_buffer_module - DEBUG - get_action_index: Using player's stored last_action_idx: 2931
2025-04-10 18:36:32,658 - monopoly_simulator.replay_buffer_module - DEBUG - Added transition to buffer with action 2931. Buffer size: 7/100000
2025-04-10 18:36:34,146 - monopoly_simulator.replay_buffer_module - DEBUG - get_action_index: Using player's stored last_action_idx: 2932
2025-04-10 18:36:34,151 - monopoly_simulator.replay_buffer_module - DEBUG - Added transition to buffer with action 2932. Buffer size: 8/100000
2025-04-10 18:36:34,867 - monopoly_simulator.replay_buffer_module - DEBUG - get_action_index: Using player's stored last_action_idx: 2932
2025-04-10 18:36:34,870 - monopoly_simulator.replay_buffer_module - DEBUG - Added transition to buffer with action 2932. Buffer size: 9/100000
2025-04-10 18:36:35,464 - monopoly_simulator.replay_buffer_module - DEBUG - get_action_index: Using player's stored last_action_idx: 2932
2025-04-10 18:36:35,469 - monopoly_simulator.replay_buffer_module - DEBUG - Added transition to buffer with action 2932. Buffer size: 10/100000
2025-04-10 18:36:36,988 - monopoly_simulator.replay_buffer_module - DEBUG - get_action_index: Using player's stored last_action_idx: 2855
2025-04-10 18:36:37,000 - monopoly_simulator.replay_buffer_module - DEBUG - Added transition to buffer with action 2855. Buffer size: 11/100000
2025-04-10 18:36:38,629 - monopoly_simulator.replay_buffer_module - DEBUG - get_action_index: Using player's stored last_action_idx: 2932
2025-04-10 18:36:38,634 - monopoly_simulator.replay_buffer_module - DEBUG - Added transition to buffer with action 2932. Buffer size: 12/100000
2025-04-10 18:36:40,143 - monopoly_simulator.replay_buffer_module - DEBUG - get_action_index: Using player's stored last_action_idx: 2853
2025-04-10 18:36:40,148 - monopoly_simulator.replay_buffer_module - DEBUG - Added transition to buffer with action 2853. Buffer size: 13/100000
2025-04-10 18:36:41,645 - monopoly_simulator.replay_buffer_module - DEBUG - get_action_index: Using player's stored last_action_idx: 2877
2025-04-10 18:36:41,655 - monopoly_simulator.replay_buffer_module - DEBUG - Added transition to buffer with action 2877. Buffer size: 14/100000
2025-04-10 18:36:42,363 - monopoly_simulator.replay_buffer_module - DEBUG - get_action_index: Using player's stored last_action_idx: 2932
2025-04-10 18:36:42,371 - monopoly_simulator.replay_buffer_module - DEBUG - Added transition to buffer with action 2932. Buffer size: 15/100000
2025-04-10 18:36:43,561 - monopoly_simulator.replay_buffer_module - DEBUG - get_action_index: Using player's stored last_action_idx: 2932
2025-04-10 18:36:43,570 - monopoly_simulator.replay_buffer_module - DEBUG - Added transition to buffer with action 2932. Buffer size: 16/100000
2025-04-10 18:36:44,935 - monopoly_simulator.replay_buffer_module - DEBUG - get_action_index: Using player's stored last_action_idx: 2932
2025-04-10 18:36:44,946 - monopoly_simulator.replay_buffer_module - DEBUG - Added transition to buffer with action 2932. Buffer size: 17/100000
2025-04-10 18:36:45,597 - monopoly_simulator.replay_buffer_module - DEBUG - get_action_index: Using player's stored last_action_idx: 2932
2025-04-10 18:36:45,604 - monopoly_simulator.replay_buffer_module - DEBUG - Added transition to buffer with action 2932. Buffer size: 18/100000
2025-04-10 18:36:46,293 - monopoly_simulator.replay_buffer_module - DEBUG - get_action_index: Using player's stored last_action_idx: 2932
2025-04-10 18:36:46,302 - monopoly_simulator.replay_buffer_module - DEBUG - Added transition to buffer with action 2932. Buffer size: 19/100000
2025-04-10 18:36:47,041 - monopoly_simulator.replay_buffer_module - DEBUG - get_action_index: Using player's stored last_action_idx: 2932
2025-04-10 18:36:47,047 - monopoly_simulator.replay_buffer_module - DEBUG - Added transition to buffer with action 2932. Buffer size: 20/100000
2025-04-10 18:36:48,614 - monopoly_simulator.replay_buffer_module - DEBUG - get_action_index: Using player's stored last_action_idx: 2932
2025-04-10 18:36:48,622 - monopoly_simulator.replay_buffer_module - DEBUG - Added transition to buffer with action 2932. Buffer size: 21/100000
2025-04-10 18:36:48,929 - monopoly_simulator.replay_buffer_module - DEBUG - get_action_index: Using player's stored last_action_idx: 2932
2025-04-10 18:36:48,934 - monopoly_simulator.replay_buffer_module - DEBUG - Added transition to buffer with action 2932. Buffer size: 22/100000
2025-04-10 18:36:49,257 - monopoly_simulator.replay_buffer_module - DEBUG - get_action_index: Using player's stored last_action_idx: 2932
2025-04-10 18:36:49,264 - monopoly_simulator.replay_buffer_module - DEBUG - Added transition to buffer with action 2932. Buffer size: 23/100000
2025-04-10 18:36:49,734 - monopoly_simulator.replay_buffer_module - DEBUG - get_action_index: Using player's stored last_action_idx: 2931
2025-04-10 18:36:49,742 - monopoly_simulator.replay_buffer_module - DEBUG - Added transition to buffer with action 2931. Buffer size: 24/100000
2025-04-10 18:36:50,775 - monopoly_simulator.replay_buffer_module - DEBUG - get_action_index: Using player's stored last_action_idx: 2932
2025-04-10 18:36:50,786 - monopoly_simulator.replay_buffer_module - DEBUG - Added transition to buffer with action 2932. Buffer size: 25/100000
2025-04-10 18:36:51,161 - monopoly_simulator.replay_buffer_module - DEBUG - get_action_index: Using player's stored last_action_idx: 2932
2025-04-10 18:36:51,169 - monopoly_simulator.replay_buffer_module - DEBUG - Added transition to buffer with action 2932. Buffer size: 26/100000
2025-04-10 18:36:52,704 - monopoly_simulator.replay_buffer_module - DEBUG - get_action_index: Using player's stored last_action_idx: 2932
2025-04-10 18:36:52,711 - monopoly_simulator.replay_buffer_module - DEBUG - Added transition to buffer with action 2932. Buffer size: 27/100000
2025-04-10 18:36:54,238 - monopoly_simulator.replay_buffer_module - DEBUG - get_action_index: Using player's stored last_action_idx: 2932
2025-04-10 18:36:54,250 - monopoly_simulator.replay_buffer_module - DEBUG - Added transition to buffer with action 2932. Buffer size: 28/100000
2025-04-10 18:36:56,016 - monopoly_simulator.replay_buffer_module - DEBUG - get_action_index: Using player's stored last_action_idx: 2903
2025-04-10 18:36:56,021 - monopoly_simulator.replay_buffer_module - DEBUG - Added transition to buffer with action 2903. Buffer size: 29/100000
2025-04-10 18:36:57,364 - monopoly_simulator.replay_buffer_module - DEBUG - get_action_index: Using player's stored last_action_idx: 2932
2025-04-10 18:36:57,369 - monopoly_simulator.replay_buffer_module - DEBUG - Added transition to buffer with action 2932. Buffer size: 30/100000
2025-04-10 18:36:58,571 - monopoly_simulator.replay_buffer_module - DEBUG - get_action_index: Using player's stored last_action_idx: 2932
2025-04-10 18:36:58,578 - monopoly_simulator.replay_buffer_module - DEBUG - Added transition to buffer with action 2932. Buffer size: 31/100000
2025-04-10 18:37:00,719 - monopoly_simulator.replay_buffer_module - DEBUG - get_action_index: Using player's stored last_action_idx: 2892
2025-04-10 18:37:00,726 - monopoly_simulator.replay_buffer_module - DEBUG - Added transition to buffer with action 2892. Buffer size: 32/100000
2025-04-10 18:37:02,793 - monopoly_simulator.replay_buffer_module - DEBUG - get_action_index: Using player's stored last_action_idx: 2920
2025-04-10 18:37:02,798 - monopoly_simulator.replay_buffer_module - DEBUG - Added transition to buffer with action 2920. Buffer size: 33/100000
2025-04-10 18:37:03,103 - monopoly_simulator.replay_buffer_module - DEBUG - get_action_index: Using player's stored last_action_idx: 2864
2025-04-10 18:37:03,108 - monopoly_simulator.replay_buffer_module - DEBUG - Added transition to buffer with action 2864. Buffer size: 34/100000
2025-04-10 18:37:04,920 - monopoly_simulator.replay_buffer_module - DEBUG - get_action_index: Using player's stored last_action_idx: 2920
2025-04-10 18:37:04,925 - monopoly_simulator.replay_buffer_module - DEBUG - Added transition to buffer with action 2920. Buffer size: 35/100000
2025-04-10 18:37:06,864 - monopoly_simulator.replay_buffer_module - DEBUG - get_action_index: Using player's stored last_action_idx: 2864
2025-04-10 18:37:06,867 - monopoly_simulator.replay_buffer_module - DEBUG - Added transition to buffer with action 2864. Buffer size: 36/100000
2025-04-10 18:37:08,747 - monopoly_simulator.replay_buffer_module - DEBUG - get_action_index: Using player's stored last_action_idx: 2879
2025-04-10 18:37:08,754 - monopoly_simulator.replay_buffer_module - DEBUG - Added transition to buffer with action 2879. Buffer size: 37/100000
2025-04-10 18:37:09,360 - monopoly_simulator.replay_buffer_module - DEBUG - get_action_index: Using player's stored last_action_idx: 2932
2025-04-10 18:37:09,365 - monopoly_simulator.replay_buffer_module - DEBUG - Added transition to buffer with action 2932. Buffer size: 38/100000
2025-04-10 18:37:09,854 - monopoly_simulator.replay_buffer_module - DEBUG - get_action_index: Using player's stored last_action_idx: 2931
2025-04-10 18:37:09,862 - monopoly_simulator.replay_buffer_module - DEBUG - Added transition to buffer with action 2931. Buffer size: 39/100000
2025-04-10 18:37:10,631 - monopoly_simulator.replay_buffer_module - DEBUG - get_action_index: Using player's stored last_action_idx: 2932
2025-04-10 18:37:10,641 - monopoly_simulator.replay_buffer_module - DEBUG - Added transition to buffer with action 2932. Buffer size: 40/100000
2025-04-10 18:37:10,954 - monopoly_simulator.replay_buffer_module - DEBUG - get_action_index: Using player's stored last_action_idx: 2931
2025-04-10 18:37:10,960 - monopoly_simulator.replay_buffer_module - DEBUG - Added transition to buffer with action 2931. Buffer size: 41/100000
2025-04-10 18:37:11,337 - monopoly_simulator.replay_buffer_module - DEBUG - get_action_index: Using player's stored last_action_idx: 2931
2025-04-10 18:37:11,342 - monopoly_simulator.replay_buffer_module - DEBUG - Added transition to buffer with action 2931. Buffer size: 42/100000
2025-04-10 18:37:12,814 - monopoly_simulator.replay_buffer_module - DEBUG - get_action_index: Using player's stored last_action_idx: 2931
2025-04-10 18:37:12,821 - monopoly_simulator.replay_buffer_module - DEBUG - Added transition to buffer with action 2931. Buffer size: 43/100000
2025-04-10 18:37:13,171 - monopoly_simulator.replay_buffer_module - DEBUG - get_action_index: Using player's stored last_action_idx: 2931
2025-04-10 18:37:13,182 - monopoly_simulator.replay_buffer_module - DEBUG - Added transition to buffer with action 2931. Buffer size: 44/100000
2025-04-10 18:37:14,238 - monopoly_simulator.replay_buffer_module - DEBUG - get_action_index: Using player's stored last_action_idx: 2932
2025-04-10 18:37:14,247 - monopoly_simulator.replay_buffer_module - DEBUG - Added transition to buffer with action 2932. Buffer size: 45/100000
2025-04-10 18:37:15,662 - monopoly_simulator.replay_buffer_module - DEBUG - get_action_index: Using player's stored last_action_idx: 2932
2025-04-10 18:37:15,668 - monopoly_simulator.replay_buffer_module - DEBUG - Added transition to buffer with action 2932. Buffer size: 46/100000
2025-04-10 18:37:16,357 - monopoly_simulator.replay_buffer_module - DEBUG - get_action_index: Using player's stored last_action_idx: 2932
2025-04-10 18:37:16,367 - monopoly_simulator.replay_buffer_module - DEBUG - Added transition to buffer with action 2932. Buffer size: 47/100000
2025-04-10 18:37:17,335 - monopoly_simulator.replay_buffer_module - DEBUG - get_action_index: Using player's stored last_action_idx: 2932
2025-04-10 18:37:17,341 - monopoly_simulator.replay_buffer_module - DEBUG - Added transition to buffer with action 2932. Buffer size: 48/100000
2025-04-10 18:37:17,749 - monopoly_simulator.replay_buffer_module - DEBUG - get_action_index: Using player's stored last_action_idx: 2932
2025-04-10 18:37:17,759 - monopoly_simulator.replay_buffer_module - DEBUG - Added transition to buffer with action 2932. Buffer size: 49/100000
2025-04-10 18:37:18,032 - monopoly_simulator.replay_buffer_module - DEBUG - get_action_index: Using player's stored last_action_idx: 2931
2025-04-10 18:37:18,037 - monopoly_simulator.replay_buffer_module - DEBUG - Added transition to buffer with action 2931. Buffer size: 50/100000
2025-04-10 18:37:18,421 - monopoly_simulator.replay_buffer_module - DEBUG - get_action_index: Using player's stored last_action_idx: 2932
2025-04-10 18:37:18,425 - monopoly_simulator.replay_buffer_module - DEBUG - Added transition to buffer with action 2932. Buffer size: 51/100000
2025-04-10 18:37:18,451 - monopoly_simulator.replay_buffer_module - WARNING - Error using DDQN agent's reward calculation: 'NoneType' object is not iterable. Falling back to default.
2025-04-10 18:37:18,451 - monopoly_simulator.replay_buffer_module - WARNING - Player player_3 has assets attribute set to None. Treating as empty list.
2025-04-10 18:37:18,451 - monopoly_simulator.replay_buffer_module - WARNING - Player player_3 has full_color_sets_possessed that is not iterable. Assuming 0 monopolies.
2025-04-10 18:37:18,451 - monopoly_simulator.replay_buffer_module - INFO - Player player_3 LOST! Adding losing penalty of -50 to reward
2025-04-10 18:37:18,452 - monopoly_simulator.replay_buffer_module - DEBUG - Reward for player_3: -50.00 (Base: 0.00, Strategic: 0.00, Game State: -50.00)
2025-04-10 18:37:18,453 - monopoly_simulator.replay_buffer_module - DEBUG - get_action_index: Using player's stored last_action_idx: 2932
2025-04-10 18:37:18,453 - monopoly_simulator.replay_buffer_module - DEBUG - Added transition to buffer with action 2932. Buffer size: 52/100000
2025-04-10 18:37:21,681 - monopoly_simulator.replay_buffer_module - INFO - Replay buffer saved to ../single_tournament/replay_buffer_seed_27924.pkl
2025-04-10 18:37:21,697 - monopoly_simulator.replay_buffer_module - INFO - Compact summary saved to ../single_tournament/replay_buffer_seed_27924.pkl.summary.json
2025-04-10 18:37:22,095 - monopoly_simulator.replay_buffer_module - DEBUG - get_action_index: Using player's stored last_action_idx: 2932
2025-04-10 18:37:22,105 - monopoly_simulator.replay_buffer_module - DEBUG - Added transition to buffer with action 2932. Buffer size: 1/100000
2025-04-10 18:37:23,125 - monopoly_simulator.replay_buffer_module - DEBUG - get_action_index: Using player's stored last_action_idx: 2932
2025-04-10 18:37:23,130 - monopoly_simulator.replay_buffer_module - DEBUG - Added transition to buffer with action 2932. Buffer size: 2/100000
2025-04-10 18:37:24,702 - monopoly_simulator.replay_buffer_module - DEBUG - get_action_index: Using player's stored last_action_idx: 2931
2025-04-10 18:37:24,708 - monopoly_simulator.replay_buffer_module - DEBUG - Added transition to buffer with action 2931. Buffer size: 3/100000
2025-04-10 18:37:26,143 - monopoly_simulator.replay_buffer_module - DEBUG - get_action_index: Using player's stored last_action_idx: 2932
2025-04-10 18:37:26,151 - monopoly_simulator.replay_buffer_module - DEBUG - Added transition to buffer with action 2932. Buffer size: 4/100000
2025-04-10 18:37:27,049 - monopoly_simulator.replay_buffer_module - DEBUG - get_action_index: Using player's stored last_action_idx: 2932
2025-04-10 18:37:27,056 - monopoly_simulator.replay_buffer_module - DEBUG - Added transition to buffer with action 2932. Buffer size: 5/100000
2025-04-10 18:37:28,273 - monopoly_simulator.replay_buffer_module - DEBUG - get_action_index: Using player's stored last_action_idx: 2932
2025-04-10 18:37:28,279 - monopoly_simulator.replay_buffer_module - DEBUG - Added transition to buffer with action 2932. Buffer size: 6/100000
2025-04-10 18:37:28,965 - monopoly_simulator.replay_buffer_module - DEBUG - get_action_index: Using player's stored last_action_idx: 2932
2025-04-10 18:37:28,973 - monopoly_simulator.replay_buffer_module - DEBUG - Added transition to buffer with action 2932. Buffer size: 7/100000
2025-04-10 18:37:30,569 - monopoly_simulator.replay_buffer_module - DEBUG - get_action_index: Using player's stored last_action_idx: 2931
2025-04-10 18:37:30,577 - monopoly_simulator.replay_buffer_module - DEBUG - Added transition to buffer with action 2931. Buffer size: 8/100000
2025-04-10 18:37:30,912 - monopoly_simulator.replay_buffer_module - DEBUG - get_action_index: Using player's stored last_action_idx: 2931
2025-04-10 18:37:30,917 - monopoly_simulator.replay_buffer_module - DEBUG - Added transition to buffer with action 2931. Buffer size: 9/100000
2025-04-10 18:37:32,296 - monopoly_simulator.replay_buffer_module - DEBUG - get_action_index: Using player's stored last_action_idx: 2932
2025-04-10 18:37:32,303 - monopoly_simulator.replay_buffer_module - DEBUG - Added transition to buffer with action 2932. Buffer size: 10/100000
2025-04-10 18:37:33,021 - monopoly_simulator.replay_buffer_module - DEBUG - get_action_index: Using player's stored last_action_idx: 2932
2025-04-10 18:37:33,029 - monopoly_simulator.replay_buffer_module - DEBUG - Added transition to buffer with action 2932. Buffer size: 11/100000
2025-04-10 18:37:33,321 - monopoly_simulator.replay_buffer_module - DEBUG - get_action_index: Using player's stored last_action_idx: 2931
2025-04-10 18:37:33,328 - monopoly_simulator.replay_buffer_module - DEBUG - Added transition to buffer with action 2931. Buffer size: 12/100000
2025-04-10 18:37:33,716 - monopoly_simulator.replay_buffer_module - DEBUG - get_action_index: Using player's stored last_action_idx: 2932
2025-04-10 18:37:33,724 - monopoly_simulator.replay_buffer_module - DEBUG - Added transition to buffer with action 2932. Buffer size: 13/100000
2025-04-10 18:37:32,452 - monopoly_simulator.replay_buffer_module - DEBUG - get_action_index: Using player's stored last_action_idx: 2932
2025-04-10 18:37:32,455 - monopoly_simulator.replay_buffer_module - DEBUG - Added transition to buffer with action 2932. Buffer size: 14/100000
2025-04-10 18:37:33,266 - monopoly_simulator.replay_buffer_module - DEBUG - get_action_index: Using player's stored last_action_idx: 2932
2025-04-10 18:37:33,270 - monopoly_simulator.replay_buffer_module - DEBUG - Added transition to buffer with action 2932. Buffer size: 15/100000
2025-04-10 18:37:33,636 - monopoly_simulator.replay_buffer_module - DEBUG - get_action_index: Using player's stored last_action_idx: 2931
2025-04-10 18:37:33,644 - monopoly_simulator.replay_buffer_module - DEBUG - Added transition to buffer with action 2931. Buffer size: 16/100000
2025-04-10 18:37:34,967 - monopoly_simulator.replay_buffer_module - DEBUG - get_action_index: Using player's stored last_action_idx: 2932
2025-04-10 18:37:34,970 - monopoly_simulator.replay_buffer_module - DEBUG - Added transition to buffer with action 2932. Buffer size: 17/100000
2025-04-10 18:37:36,632 - monopoly_simulator.replay_buffer_module - DEBUG - get_action_index: Using player's stored last_action_idx: 2858
2025-04-10 18:37:36,637 - monopoly_simulator.replay_buffer_module - DEBUG - Added transition to buffer with action 2858. Buffer size: 18/100000
2025-04-10 18:37:38,484 - monopoly_simulator.replay_buffer_module - DEBUG - get_action_index: Using player's stored last_action_idx: 2932
2025-04-10 18:37:38,491 - monopoly_simulator.replay_buffer_module - DEBUG - Added transition to buffer with action 2932. Buffer size: 19/100000
2025-04-10 18:37:40,316 - monopoly_simulator.replay_buffer_module - DEBUG - get_action_index: Using player's stored last_action_idx: 2882
2025-04-10 18:37:40,323 - monopoly_simulator.replay_buffer_module - DEBUG - Added transition to buffer with action 2882. Buffer size: 20/100000
2025-04-10 18:37:42,374 - monopoly_simulator.replay_buffer_module - DEBUG - get_action_index: Using player's stored last_action_idx: 2932
2025-04-10 18:37:42,379 - monopoly_simulator.replay_buffer_module - DEBUG - Added transition to buffer with action 2932. Buffer size: 21/100000
2025-04-10 18:37:43,910 - monopoly_simulator.replay_buffer_module - DEBUG - get_action_index: Using player's stored last_action_idx: 2932
2025-04-10 18:37:43,913 - monopoly_simulator.replay_buffer_module - DEBUG - Added transition to buffer with action 2932. Buffer size: 22/100000
2025-04-10 18:37:45,101 - monopoly_simulator.replay_buffer_module - DEBUG - get_action_index: Using player's stored last_action_idx: 2932
2025-04-10 18:37:45,106 - monopoly_simulator.replay_buffer_module - DEBUG - Added transition to buffer with action 2932. Buffer size: 23/100000
2025-04-10 18:37:45,432 - monopoly_simulator.replay_buffer_module - DEBUG - get_action_index: Using player's stored last_action_idx: 2931
2025-04-10 18:37:45,436 - monopoly_simulator.replay_buffer_module - DEBUG - Added transition to buffer with action 2931. Buffer size: 24/100000
2025-04-10 18:37:45,735 - monopoly_simulator.replay_buffer_module - DEBUG - get_action_index: Using player's stored last_action_idx: 2931
2025-04-10 18:37:45,741 - monopoly_simulator.replay_buffer_module - DEBUG - Added transition to buffer with action 2931. Buffer size: 25/100000
2025-04-10 18:37:46,740 - monopoly_simulator.replay_buffer_module - DEBUG - get_action_index: Using player's stored last_action_idx: 2932
2025-04-10 18:37:46,747 - monopoly_simulator.replay_buffer_module - DEBUG - Added transition to buffer with action 2932. Buffer size: 26/100000
2025-04-10 18:37:47,441 - monopoly_simulator.replay_buffer_module - DEBUG - get_action_index: Using player's stored last_action_idx: 2932
2025-04-10 18:37:47,447 - monopoly_simulator.replay_buffer_module - DEBUG - Added transition to buffer with action 2932. Buffer size: 27/100000
2025-04-10 18:37:48,518 - monopoly_simulator.replay_buffer_module - DEBUG - get_action_index: Using player's stored last_action_idx: 2932
2025-04-10 18:37:48,524 - monopoly_simulator.replay_buffer_module - DEBUG - Added transition to buffer with action 2932. Buffer size: 28/100000
2025-04-10 18:37:49,369 - monopoly_simulator.replay_buffer_module - DEBUG - get_action_index: Using player's stored last_action_idx: 2932
2025-04-10 18:37:49,375 - monopoly_simulator.replay_buffer_module - DEBUG - Added transition to buffer with action 2932. Buffer size: 29/100000
2025-04-10 18:37:51,327 - monopoly_simulator.replay_buffer_module - DEBUG - get_action_index: Using player's stored last_action_idx: 2932
2025-04-10 18:37:51,332 - monopoly_simulator.replay_buffer_module - DEBUG - Added transition to buffer with action 2932. Buffer size: 30/100000
2025-04-10 18:37:51,730 - monopoly_simulator.replay_buffer_module - DEBUG - get_action_index: Using player's stored last_action_idx: 2932
2025-04-10 18:37:51,738 - monopoly_simulator.replay_buffer_module - DEBUG - Added transition to buffer with action 2932. Buffer size: 31/100000
2025-04-10 18:37:52,119 - monopoly_simulator.replay_buffer_module - DEBUG - get_action_index: Using player's stored last_action_idx: 2932
2025-04-10 18:37:52,125 - monopoly_simulator.replay_buffer_module - DEBUG - Added transition to buffer with action 2932. Buffer size: 32/100000
2025-04-10 18:37:52,478 - monopoly_simulator.replay_buffer_module - DEBUG - get_action_index: Using player's stored last_action_idx: 2932
2025-04-10 18:37:52,486 - monopoly_simulator.replay_buffer_module - DEBUG - Added transition to buffer with action 2932. Buffer size: 33/100000
2025-04-10 18:37:53,141 - monopoly_simulator.replay_buffer_module - DEBUG - get_action_index: Using player's stored last_action_idx: 2932
2025-04-10 18:37:53,150 - monopoly_simulator.replay_buffer_module - DEBUG - Added transition to buffer with action 2932. Buffer size: 34/100000
2025-04-10 18:37:54,890 - monopoly_simulator.replay_buffer_module - DEBUG - get_action_index: Using player's stored last_action_idx: 2932
2025-04-10 18:37:54,898 - monopoly_simulator.replay_buffer_module - DEBUG - Added transition to buffer with action 2932. Buffer size: 35/100000
2025-04-10 18:37:55,190 - monopoly_simulator.replay_buffer_module - DEBUG - get_action_index: Using player's stored last_action_idx: 2932
2025-04-10 18:37:55,196 - monopoly_simulator.replay_buffer_module - DEBUG - Added transition to buffer with action 2932. Buffer size: 36/100000
2025-04-10 18:37:55,573 - monopoly_simulator.replay_buffer_module - DEBUG - get_action_index: Using player's stored last_action_idx: 2932
2025-04-10 18:37:55,580 - monopoly_simulator.replay_buffer_module - DEBUG - Added transition to buffer with action 2932. Buffer size: 37/100000
2025-04-10 18:37:56,529 - monopoly_simulator.replay_buffer_module - DEBUG - get_action_index: Using player's stored last_action_idx: 2932
2025-04-10 18:37:56,533 - monopoly_simulator.replay_buffer_module - DEBUG - Added transition to buffer with action 2932. Buffer size: 38/100000
2025-04-10 18:37:56,822 - monopoly_simulator.replay_buffer_module - DEBUG - get_action_index: Using player's stored last_action_idx: 2932
2025-04-10 18:37:56,830 - monopoly_simulator.replay_buffer_module - DEBUG - Added transition to buffer with action 2932. Buffer size: 39/100000
2025-04-10 18:37:58,183 - monopoly_simulator.replay_buffer_module - DEBUG - get_action_index: Using player's stored last_action_idx: 2932
2025-04-10 18:37:58,193 - monopoly_simulator.replay_buffer_module - DEBUG - Added transition to buffer with action 2932. Buffer size: 40/100000
2025-04-10 18:38:00,466 - monopoly_simulator.replay_buffer_module - DEBUG - get_action_index: Using player's stored last_action_idx: 2931
2025-04-10 18:38:00,483 - monopoly_simulator.replay_buffer_module - DEBUG - Added transition to buffer with action 2931. Buffer size: 41/100000
2025-04-10 18:38:01,270 - monopoly_simulator.replay_buffer_module - DEBUG - get_action_index: Using player's stored last_action_idx: 2932
2025-04-10 18:38:01,275 - monopoly_simulator.replay_buffer_module - DEBUG - Added transition to buffer with action 2932. Buffer size: 42/100000
2025-04-10 18:38:02,087 - monopoly_simulator.replay_buffer_module - DEBUG - get_action_index: Using player's stored last_action_idx: 2932
2025-04-10 18:38:02,094 - monopoly_simulator.replay_buffer_module - DEBUG - Added transition to buffer with action 2932. Buffer size: 43/100000
2025-04-10 18:38:03,389 - monopoly_simulator.replay_buffer_module - DEBUG - get_action_index: Using player's stored last_action_idx: 2932
2025-04-10 18:38:03,398 - monopoly_simulator.replay_buffer_module - DEBUG - Added transition to buffer with action 2932. Buffer size: 44/100000
2025-04-10 18:38:04,355 - monopoly_simulator.replay_buffer_module - DEBUG - get_action_index: Using player's stored last_action_idx: 2932
2025-04-10 18:38:04,362 - monopoly_simulator.replay_buffer_module - DEBUG - Added transition to buffer with action 2932. Buffer size: 45/100000
2025-04-10 18:38:03,421 - monopoly_simulator.replay_buffer_module - DEBUG - get_action_index: Using player's stored last_action_idx: 2932
2025-04-10 18:38:03,426 - monopoly_simulator.replay_buffer_module - DEBUG - Added transition to buffer with action 2932. Buffer size: 46/100000
2025-04-10 18:38:03,738 - monopoly_simulator.replay_buffer_module - DEBUG - get_action_index: Using player's stored last_action_idx: 2932
2025-04-10 18:38:03,744 - monopoly_simulator.replay_buffer_module - DEBUG - Added transition to buffer with action 2932. Buffer size: 47/100000
2025-04-10 18:38:04,513 - monopoly_simulator.replay_buffer_module - DEBUG - get_action_index: Using player's stored last_action_idx: 2932
2025-04-10 18:38:04,519 - monopoly_simulator.replay_buffer_module - DEBUG - Added transition to buffer with action 2932. Buffer size: 48/100000
2025-04-10 18:38:06,182 - monopoly_simulator.replay_buffer_module - DEBUG - get_action_index: Using player's stored last_action_idx: 2931
2025-04-10 18:38:06,195 - monopoly_simulator.replay_buffer_module - DEBUG - Added transition to buffer with action 2931. Buffer size: 49/100000
2025-04-10 18:38:06,923 - monopoly_simulator.replay_buffer_module - DEBUG - get_action_index: Using player's stored last_action_idx: 2932
2025-04-10 18:38:06,927 - monopoly_simulator.replay_buffer_module - DEBUG - Added transition to buffer with action 2932. Buffer size: 50/100000
2025-04-10 18:38:07,840 - monopoly_simulator.replay_buffer_module - DEBUG - get_action_index: Using player's stored last_action_idx: 2932
2025-04-10 18:38:07,845 - monopoly_simulator.replay_buffer_module - DEBUG - Added transition to buffer with action 2932. Buffer size: 51/100000
2025-04-10 18:38:08,263 - monopoly_simulator.replay_buffer_module - DEBUG - get_action_index: Using player's stored last_action_idx: 2931
2025-04-10 18:38:08,267 - monopoly_simulator.replay_buffer_module - DEBUG - Added transition to buffer with action 2931. Buffer size: 52/100000
2025-04-10 18:38:08,637 - monopoly_simulator.replay_buffer_module - DEBUG - get_action_index: Using player's stored last_action_idx: 2932
2025-04-10 18:38:08,642 - monopoly_simulator.replay_buffer_module - DEBUG - Added transition to buffer with action 2932. Buffer size: 53/100000
2025-04-10 18:38:08,687 - monopoly_simulator.replay_buffer_module - WARNING - Error using DDQN agent's reward calculation: 'NoneType' object is not iterable. Falling back to default.
2025-04-10 18:38:08,688 - monopoly_simulator.replay_buffer_module - WARNING - Player player_3 has assets attribute set to None. Treating as empty list.
2025-04-10 18:38:08,688 - monopoly_simulator.replay_buffer_module - WARNING - Player player_3 has full_color_sets_possessed that is not iterable. Assuming 0 monopolies.
2025-04-10 18:38:08,689 - monopoly_simulator.replay_buffer_module - INFO - Player player_3 LOST! Adding losing penalty of -50 to reward
2025-04-10 18:38:08,689 - monopoly_simulator.replay_buffer_module - DEBUG - Reward for player_3: -50.00 (Base: 0.00, Strategic: 0.00, Game State: -50.00)
2025-04-10 18:38:08,689 - monopoly_simulator.replay_buffer_module - DEBUG - get_action_index: Using player's stored last_action_idx: 2932
2025-04-10 18:38:08,690 - monopoly_simulator.replay_buffer_module - DEBUG - Added transition to buffer with action 2932. Buffer size: 54/100000
2025-04-10 18:38:14,803 - monopoly_simulator.replay_buffer_module - INFO - Replay buffer saved to ../single_tournament/replay_buffer_seed_432317.pkl
2025-04-10 18:38:14,810 - monopoly_simulator.replay_buffer_module - INFO - Compact summary saved to ../single_tournament/replay_buffer_seed_432317.pkl.summary.json
