2025-03-25 02:06:16,273:monopoly_simulator.logging_info.init_game_elements:DEBUG:Beginning game set up...
2025-03-25 02:06:16,274:monopoly_simulator.logging_info.init_game_elements:DEBUG:Successfully instantiated and initialized bank.
2025-03-25 02:06:16,278:monopoly_simulator.logging_info.init_game_elements:DEBUG:Successfully instantiated and initialized all locations on board.
2025-03-25 02:06:16,280:monopoly_simulator.logging_info.init_game_elements:DEBUG:Successfully instantiated and initialized dies
2025-03-25 02:06:16,283:monopoly_simulator.logging_info.init_game_elements:DEBUG:Successfully instantiated and initialized cards
2025-03-25 02:06:16,286:monopoly_simulator.logging_info.init_game_elements:DEBUG:Successfully instantiated and initialized players and decision agents
2025-03-25 02:06:16,287:monopoly_simulator.logging_info.init_game_elements:DEBUG:Successfully instantiated game history data structures
2025-03-25 02:06:16,287:monopoly_simulator.logging_info.init_game_elements:DEBUG:Successfully instantiated schema data structures
2025-03-25 02:06:16,289:monopoly_simulator.logging_info:DEBUG:Sucessfully initialized all player agents.
2025-03-25 02:06:16,325:monopoly_simulator.logging_info.player:DEBUG:computing allowable pre-roll actions for player_1
2025-03-25 02:06:16,325:monopoly_simulator.logging_info.player:DEBUG:We are in the pre-roll phase for player_1
2025-03-25 02:06:16,325:monopoly_simulator.logging_info.player:DEBUG:computing allowable pre-roll actions for player_1
2025-03-25 02:06:16,325:monopoly_simulator.logging_info.background_agent:DEBUG:player_1: I am skipping turn
2025-03-25 02:06:16,325:monopoly_simulator.logging_info.player:DEBUG:Executing _execute_action for player_1
2025-03-25 02:06:16,325:monopoly_simulator.logging_info.action_choices:DEBUG:player is skipping turn
2025-03-25 02:06:16,325:monopoly_simulator.logging_info.player:DEBUG:computing allowable pre-roll actions for player_1
2025-03-25 02:06:16,326:monopoly_simulator.logging_info.player:DEBUG:computing allowable out-of-turn actions for player_2
2025-03-25 02:06:16,326:monopoly_simulator.logging_info.player:DEBUG:We are in the out-of-turn phase for player_2
2025-03-25 02:06:16,326:monopoly_simulator.logging_info.player:DEBUG:computing allowable out-of-turn actions for player_2
2025-03-25 02:06:16,326:monopoly_simulator.logging_info.background_agent:DEBUG:player_2: I am skipping turn
2025-03-25 02:06:16,326:monopoly_simulator.logging_info.player:DEBUG:Executing _execute_action for player_2
2025-03-25 02:06:16,326:monopoly_simulator.logging_info.action_choices:DEBUG:player is skipping turn
2025-03-25 02:06:16,326:monopoly_simulator.logging_info.player:DEBUG:computing allowable out-of-turn actions for player_2
2025-03-25 02:06:16,326:monopoly_simulator.logging_info.player:DEBUG:computing allowable out-of-turn actions for player_4
2025-03-25 02:06:16,326:monopoly_simulator.logging_info.player:DEBUG:We are in the out-of-turn phase for player_4
2025-03-25 02:06:16,326:monopoly_simulator.logging_info.player:DEBUG:computing allowable out-of-turn actions for player_4
2025-03-25 02:06:16,326:monopoly_simulator.logging_info.background_agent:DEBUG:player_4: I am skipping turn
2025-03-25 02:06:16,326:monopoly_simulator.logging_info.player:DEBUG:Executing _execute_action for player_4
2025-03-25 02:06:16,326:monopoly_simulator.logging_info.action_choices:DEBUG:player is skipping turn
2025-03-25 02:06:16,326:monopoly_simulator.logging_info.player:DEBUG:computing allowable out-of-turn actions for player_4
2025-03-25 02:06:16,327:monopoly_simulator.logging_info.player:DEBUG:computing allowable out-of-turn actions for player_3
2025-03-25 02:06:16,327:monopoly_simulator.logging_info.player:DEBUG:We are in the out-of-turn phase for player_3
2025-03-25 02:06:16,327:monopoly_simulator.logging_info.player:DEBUG:computing allowable out-of-turn actions for player_3
2025-03-25 02:06:16,327:monopoly_simulator.logging_info.player:DEBUG:computing allowable out-of-turn actions for player_3
2025-03-25 02:06:16,327:monopoly_simulator.logging_info.player:DEBUG:computing allowable out-of-turn actions for player_3
2025-03-25 02:06:16,327:monopoly_simulator.logging_info.ddqn_decision_agent:ERROR:Error in _make_decision: make_arbitrary_interaction() missing 4 required positional arguments: 'from_player', 'to_player', 'interaction_params_dict', and 'current_gameboard'
2025-03-25 02:06:16,327:monopoly_simulator.logging_info.action_choices:DEBUG:player is skipping turn
