2025-03-25 02:06:16,328:monopoly_simulator.logging_info.init_game_elements:DEBUG:Beginning game set up...
2025-03-25 02:06:16,328:monopoly_simulator.logging_info.init_game_elements:DEBUG:Successfully instantiated and initialized bank.
2025-03-25 02:06:16,328:monopoly_simulator.logging_info.init_game_elements:DEBUG:Successfully instantiated and initialized all locations on board.
2025-03-25 02:06:16,328:monopoly_simulator.logging_info.init_game_elements:DEBUG:Successfully instantiated and initialized dies
2025-03-25 02:06:16,329:monopoly_simulator.logging_info.init_game_elements:DEBUG:Successfully instantiated and initialized cards
2025-03-25 02:06:16,329:monopoly_simulator.logging_info.init_game_elements:DEBUG:Successfully instantiated and initialized players and decision agents
2025-03-25 02:06:16,329:monopoly_simulator.logging_info.init_game_elements:DEBUG:Successfully instantiated game history data structures
2025-03-25 02:06:16,329:monopoly_simulator.logging_info.init_game_elements:DEBUG:Successfully instantiated schema data structures
2025-03-25 02:06:16,329:monopoly_simulator.logging_info:DEBUG:Sucessfully initialized all player agents.
2025-03-25 02:06:16,330:monopoly_simulator.logging_info.player:DEBUG:computing allowable pre-roll actions for player_2
2025-03-25 02:06:16,330:monopoly_simulator.logging_info.player:DEBUG:We are in the pre-roll phase for player_2
2025-03-25 02:06:16,330:monopoly_simulator.logging_info.player:DEBUG:computing allowable pre-roll actions for player_2
2025-03-25 02:06:16,330:monopoly_simulator.logging_info.background_agent:DEBUG:player_2: I am skipping turn
2025-03-25 02:06:16,331:monopoly_simulator.logging_info.player:DEBUG:Executing _execute_action for player_2
2025-03-25 02:06:16,331:monopoly_simulator.logging_info.action_choices:DEBUG:player is skipping turn
2025-03-25 02:06:16,331:monopoly_simulator.logging_info.player:DEBUG:computing allowable pre-roll actions for player_2
2025-03-25 02:06:16,331:monopoly_simulator.logging_info.player:DEBUG:computing allowable out-of-turn actions for player_3
2025-03-25 02:06:16,331:monopoly_simulator.logging_info.player:DEBUG:We are in the out-of-turn phase for player_3
2025-03-25 02:06:16,331:monopoly_simulator.logging_info.player:DEBUG:computing allowable out-of-turn actions for player_3
2025-03-25 02:06:16,331:monopoly_simulator.logging_info.player:DEBUG:computing allowable out-of-turn actions for player_3
2025-03-25 02:06:16,331:monopoly_simulator.logging_info.player:DEBUG:computing allowable out-of-turn actions for player_3
2025-03-25 02:06:16,331:monopoly_simulator.logging_info.ddqn_decision_agent:ERROR:Error in _make_decision: make_trade_offer() missing 3 required positional arguments: 'from_player', 'offer', and 'to_player'
2025-03-25 02:06:16,332:monopoly_simulator.logging_info.action_choices:DEBUG:player is skipping turn
