2025-03-29 20:19:16,672:monopoly_simulator.logging_info.init_game_elements:DEBUG:Beginning game set up...
2025-03-29 20:19:16,672:monopoly_simulator.logging_info.init_game_elements:DEBUG:Successfully instantiated and initialized bank.
2025-03-29 20:19:16,672:monopoly_simulator.logging_info.init_game_elements:DEBUG:Successfully instantiated and initialized all locations on board.
2025-03-29 20:19:16,672:monopoly_simulator.logging_info.init_game_elements:DEBUG:Successfully instantiated and initialized dies
2025-03-29 20:19:16,672:monopoly_simulator.logging_info.init_game_elements:DEBUG:Successfully instantiated and initialized cards
2025-03-29 20:19:16,672:monopoly_simulator.logging_info.init_game_elements:DEBUG:Successfully instantiated and initialized players and decision agents
2025-03-29 20:19:16,672:monopoly_simulator.logging_info.init_game_elements:DEBUG:Successfully instantiated game history data structures
2025-03-29 20:19:16,672:monopoly_simulator.logging_info.init_game_elements:DEBUG:Successfully instantiated schema data structures
2025-03-29 20:19:16,673:monopoly_simulator.logging_info:DEBUG:Sucessfully initialized all player agents.
2025-03-29 20:19:16,674:monopoly_simulator.logging_info.player:DEBUG:computing allowable pre-roll actions for player_2
2025-03-29 20:19:16,674:monopoly_simulator.logging_info.player:DEBUG:We are in the pre-roll phase for player_2
2025-03-29 20:19:16,674:monopoly_simulator.logging_info.player:DEBUG:computing allowable pre-roll actions for player_2
2025-03-29 20:19:16,674:monopoly_simulator.logging_info.background_agent:DEBUG:player_2: I am skipping turn
2025-03-29 20:19:16,674:monopoly_simulator.logging_info.player:DEBUG:Executing _execute_action for player_2
2025-03-29 20:19:16,674:monopoly_simulator.logging_info.action_choices:DEBUG:player is skipping turn
2025-03-29 20:19:16,674:monopoly_simulator.logging_info.player:DEBUG:computing allowable pre-roll actions for player_2
2025-03-29 20:19:16,676:monopoly_simulator.logging_info.player:DEBUG:computing allowable out-of-turn actions for player_1
2025-03-29 20:19:16,676:monopoly_simulator.logging_info.player:DEBUG:We are in the out-of-turn phase for player_1
2025-03-29 20:19:16,676:monopoly_simulator.logging_info.player:DEBUG:computing allowable out-of-turn actions for player_1
2025-03-29 20:19:16,676:monopoly_simulator.logging_info.background_agent:DEBUG:player_1: I am skipping turn
2025-03-29 20:19:16,676:monopoly_simulator.logging_info.player:DEBUG:Executing _execute_action for player_1
2025-03-29 20:19:16,676:monopoly_simulator.logging_info.action_choices:DEBUG:player is skipping turn
2025-03-29 20:19:16,677:monopoly_simulator.logging_info.player:DEBUG:computing allowable out-of-turn actions for player_1
2025-03-29 20:19:16,679:monopoly_simulator.logging_info.player:DEBUG:computing allowable out-of-turn actions for player_3
2025-03-29 20:19:16,679:monopoly_simulator.logging_info.player:DEBUG:We are in the out-of-turn phase for player_3
2025-03-29 20:19:16,679:monopoly_simulator.logging_info.player:DEBUG:computing allowable out-of-turn actions for player_3
2025-03-29 20:19:16,679:monopoly_simulator.logging_info.player:DEBUG:computing allowable out-of-turn actions for player_3
2025-03-29 20:19:16,684:monopoly_simulator.logging_info.action_choices:DEBUG:DEBUG OFFER OBJECT: {'property_set_offered': [], 'property_set_wanted': [<monopoly_simulator.location.UtilityLocation object at 0x10b2d49f0>], 'cash_offered': 150, 'cash_wanted': 0}
2025-03-29 20:19:16,685:monopoly_simulator.logging_info.action_choices:DEBUG:Instantiating data structures outstanding_trade_offer and setting is_trade_offer_outstanding to True to enable trade offer to player_4
2025-03-29 20:19:16,685:monopoly_simulator.logging_info.action_choices:DEBUG:player_3 has no properties to offer to player_4
2025-03-29 20:19:16,685:monopoly_simulator.logging_info.action_choices:DEBUG:player_4 player does not own Water Works. Invalid property requested. Returning failure code.
2025-03-29 20:19:16,685:monopoly_simulator.logging_info.action_choices:DEBUG:player is skipping turn
2025-03-29 20:19:16,685:monopoly_simulator.logging_info.player:DEBUG:Executing _execute_action for player_3
